Using pre-set license
Built from '2020.2/release' branch; Version is '2020.2.1f1 (270dd8c3da1c) revision 2559448'; Using compiler version '192528614'; Build Type 'Release'
OS: 'Windows 10  (10.0.0) 64bit' Language: 'en' Physical Memory: 8030 MB
BatchMode: 1, IsHumanControllingUs: 0, StartBugReporterOnCrash: 0, Is64bit: 1, IsPro: 0

 COMMAND LINE ARGUMENTS:
C:\Program Files\Unity\Hub\Editor\2020.2.1f1\Editor\Unity.exe
-adb2
-batchMode
-noUpm
-name
AssetImportWorker0
-projectPath
C:/Users/techn/Desktop/Design/260/VRProjectLWest
-logFile
Logs/AssetImportWorker0.log
-srvPort
63213
Successfully changed project path to: C:/Users/techn/Desktop/Design/260/VRProjectLWest
C:/Users/techn/Desktop/Design/260/VRProjectLWest
Using Asset Import Pipeline V2.
Refreshing native plugins compatible for Editor in 49.44 ms, found 3 plugins.
Preloading 1 native plugins for Editor in 0.74 ms.
Initialize engine version: 2020.2.1f1 (270dd8c3da1c)
[Subsystems] Discovering subsystems at path C:/Program Files/Unity/Hub/Editor/2020.2.1f1/Editor/Data/Resources/UnitySubsystems
[Subsystems] Discovering subsystems at path C:/Users/techn/Desktop/Design/260/VRProjectLWest/Assets
GfxDevice: creating device client; threaded=0
Direct3D:
    Version:  Direct3D 11.0 [level 11.1]
    Renderer: NVIDIA GeForce GTX 1660 Ti (ID=0x2191)
    Vendor:   
    VRAM:     5991 MB
    Driver:   27.21.14.5763
Shader 'Universal Render Pipeline/Particles/Lit': fallback shader 'Universal Render Pipeline/Particles/SimpleLit' not found
Initialize mono
Mono path[0] = 'C:/Program Files/Unity/Hub/Editor/2020.2.1f1/Editor/Data/Managed'
Mono path[1] = 'C:/Program Files/Unity/Hub/Editor/2020.2.1f1/Editor/Data/MonoBleedingEdge/lib/mono/unityjit'
Mono config path = 'C:/Program Files/Unity/Hub/Editor/2020.2.1f1/Editor/Data/MonoBleedingEdge/etc'
Using monoOptions --debugger-agent=transport=dt_socket,embedding=1,server=y,suspend=n,address=127.0.0.1:56988
Begin MonoManager ReloadAssembly
Registering precompiled unity dll's ...
Register platform support module: C:/Program Files/Unity/Hub/Editor/2020.2.1f1/Editor/Data/PlaybackEngines/WindowsStandaloneSupport/UnityEditor.WindowsStandalone.Extensions.dll
Registered in 0.001600 seconds.
Native extension for WindowsStandalone target not found
Refreshing native plugins compatible for Editor in 49.06 ms, found 3 plugins.
Preloading 1 native plugins for Editor in 0.07 ms.
Invoked RoslynAnalysisRunner static constructor.
RoslynAnalysisRunner will not be running.
RoslynAnalysisRunner has terminated.
Mono: successfully reloaded assembly
- Completed reload, in  0.863 seconds
Platform modules already initialized, skipping
Registering precompiled user dll's ...
Registered in 0.002359 seconds.
Begin MonoManager ReloadAssembly
Native extension for WindowsStandalone target not found
Refreshing native plugins compatible for Editor in 56.69 ms, found 3 plugins.
Preloading 1 native plugins for Editor in 0.09 ms.
Invoked RoslynAnalysisRunner static constructor.
RoslynAnalysisRunner will not be running.
RoslynAnalysisRunner has terminated.
[XR] OculusXRPlugin: registering subsystems
[XR] Unable to register display lifecyle provider: [1]
[XR] Oculus Input lifecycle provider registered.
[XR] Unable to register input lifecyle provider: [1]
NullReferenceException: Object reference not set to an instance of an object
  at Unity.XR.Oculus.OculusLoader.AssetPathToAbsolutePath (System.String assetPath) [0x00048] in C:\Users\techn\AppData\Local\Temp\177664b515ef71e469692c62115d2a40\Library\PackageCache\com.unity.xr.oculus@1.6.1\Runtime\OculusLoader.cs:242 
  at Unity.XR.Oculus.OculusLoader.EditorLoadOVRPlugin () [0x0007b] in C:\Users\techn\AppData\Local\Temp\177664b515ef71e469692c62115d2a40\Library\PackageCache\com.unity.xr.oculus@1.6.1\Runtime\OculusLoader.cs:227 

(Filename: C:/Users/techn/AppData/Local/Temp/177664b515ef71e469692c62115d2a40/Library/PackageCache/com.unity.xr.oculus@1.6.1/Runtime/OculusLoader.cs Line: 242)

Mono: successfully reloaded assembly
- Completed reload, in  0.881 seconds
Platform modules already initialized, skipping
========================================================================
Worker process is ready to serve import requests
Shader 'Universal Render Pipeline/Particles/Lit': fallback shader 'Universal Render Pipeline/Particles/SimpleLit' not found
Launched and connected shader compiler UnityShaderCompiler.exe after 0.03 seconds
Refreshing native plugins compatible for Editor in 0.62 ms, found 3 plugins.
Preloading 1 native plugins for Editor in 0.08 ms.
Unloading 3149 Unused Serialized files (Serialized files now loaded: 0)
System memory in use before: 136.6 MB.
System memory in use after: 136.8 MB.

Unloading 12 unused Assets to reduce memory usage. Loaded Objects now: 3591.
Total: 2.236300 ms (FindLiveObjects: 0.285200 ms CreateObjectMapping: 0.134000 ms MarkObjects: 1.729700 ms  DeleteObjects: 0.086600 ms)

========================================================================
Received Import Request.
  path: Assets/VR Beginner/Scenes/Final
  artifactKey: Guid(0e9c7d18fdd7bcb4fa36ba584c641b20) Importer(815301076,1909f56bfc062723c751e8b465ee728b)
Start importing Assets/VR Beginner/Scenes/Final using Guid(0e9c7d18fdd7bcb4fa36ba584c641b20) Importer(815301076,1909f56bfc062723c751e8b465ee728b)  -> (artifact id: '84193946916186a83a15ae4fab5dbeea') in 0.005800 seconds
  Import took 0.009809 seconds .

========================================================================
Received Import Request.
  Time since last request: 0.000321 seconds.
  path: Assets/VR Beginner/Scenes
  artifactKey: Guid(2b0e93446796ee64f93364ebe6c513e0) Importer(815301076,1909f56bfc062723c751e8b465ee728b)
Start importing Assets/VR Beginner/Scenes using Guid(2b0e93446796ee64f93364ebe6c513e0) Importer(815301076,1909f56bfc062723c751e8b465ee728b)  -> (artifact id: 'a9c3924c5794a4a7c37bfc6bff841d25') in 0.002661 seconds
  Import took 0.006111 seconds .

========================================================================
Received Import Request.
  Time since last request: 1.071463 seconds.
  path: Assets/VR Beginner/Scenes/Final
  artifactKey: Guid(0e9c7d18fdd7bcb4fa36ba584c641b20) Importer(815301076,1909f56bfc062723c751e8b465ee728b)
Start importing Assets/VR Beginner/Scenes/Final using Guid(0e9c7d18fdd7bcb4fa36ba584c641b20) Importer(815301076,1909f56bfc062723c751e8b465ee728b)  -> (artifact id: '84193946916186a83a15ae4fab5dbeea') in 0.002239 seconds
  Import took 0.006596 seconds .

========================================================================
Received Import Request.
  Time since last request: 1.441046 seconds.
  path: Assets/VR Beginner/Scenes/Final/PrototypeScene.unity
  artifactKey: Guid(5ff136f1bfd1b4f439ebe94b8ca30146) Importer(815301076,1909f56bfc062723c751e8b465ee728b)
Start importing Assets/VR Beginner/Scenes/Final/PrototypeScene.unity using Guid(5ff136f1bfd1b4f439ebe94b8ca30146) Importer(815301076,1909f56bfc062723c751e8b465ee728b)  -> (artifact id: '42e603e549acf87791fa18847fec6257') in 0.008823 seconds
  Import took 0.013368 seconds .

========================================================================
Received Import Request.
  Time since last request: 98.897798 seconds.
  path: Assets/MyScenes/LWestPrototypeScene.unity
  artifactKey: Guid(207c4b79455c3c345a32be9fffa5b758) Importer(815301076,1909f56bfc062723c751e8b465ee728b)
Start importing Assets/MyScenes/LWestPrototypeScene.unity using Guid(207c4b79455c3c345a32be9fffa5b758) Importer(815301076,1909f56bfc062723c751e8b465ee728b)  -> (artifact id: '0bd2f86621546e50c2be0737b3548dec') in 0.003281 seconds
  Import took 0.008709 seconds .

========================================================================
Received Import Request.
  Time since last request: 49.108376 seconds.
  path: Assets/VR Beginner
  artifactKey: Guid(bf90c63b4b31b0540909a010025777b7) Importer(815301076,1909f56bfc062723c751e8b465ee728b)
Start importing Assets/VR Beginner using Guid(bf90c63b4b31b0540909a010025777b7) Importer(815301076,1909f56bfc062723c751e8b465ee728b)  -> (artifact id: '94593cd1c42e10d2350f5c0f8486d2a8') in 0.003167 seconds
  Import took 0.007950 seconds .

========================================================================
Received Import Request.
  Time since last request: 6.741721 seconds.
  path: Assets/VR Beginner/Prefabs
  artifactKey: Guid(4e7f690001c11254797d08696ea41c86) Importer(815301076,1909f56bfc062723c751e8b465ee728b)
Start importing Assets/VR Beginner/Prefabs using Guid(4e7f690001c11254797d08696ea41c86) Importer(815301076,1909f56bfc062723c751e8b465ee728b)  -> (artifact id: 'd15fe1de495be83f1f5bfdfde5e40f46') in 0.002900 seconds
  Import took 0.007815 seconds .

========================================================================
Received Import Request.
  Time since last request: 3.781281 seconds.
  path: Assets/VR Beginner/Prefabs/Tutorial
  artifactKey: Guid(7693b3503fdd20a439ab0007bc76cb0b) Importer(815301076,1909f56bfc062723c751e8b465ee728b)
Start importing Assets/VR Beginner/Prefabs/Tutorial using Guid(7693b3503fdd20a439ab0007bc76cb0b) Importer(815301076,1909f56bfc062723c751e8b465ee728b)  -> (artifact id: '9102fba435b7f57220e3012511d7ab33') in 0.003914 seconds
  Import took 0.008726 seconds .

========================================================================
Received Import Request.
  Time since last request: 0.084999 seconds.
  path: Assets/VR Beginner/Prefabs/Tutorial/Fuse.prefab
  artifactKey: Guid(3341466b7de624346be882932da05b6d) Importer(815301076,1909f56bfc062723c751e8b465ee728b)
Start importing Assets/VR Beginner/Prefabs/Tutorial/Fuse.prefab using Guid(3341466b7de624346be882932da05b6d) Importer(815301076,1909f56bfc062723c751e8b465ee728b)  -> (artifact id: '93e7d1173e6a20baf3154d107ce240a5') in 0.039606 seconds
  Import took 0.043975 seconds .

========================================================================
Received Import Request.
  Time since last request: 0.000354 seconds.
  path: Assets/VR Beginner/Prefabs/Tutorial/HandProto.prefab
  artifactKey: Guid(3467bca67fe9c5c49bc35b025f5814ee) Importer(815301076,1909f56bfc062723c751e8b465ee728b)
Start importing Assets/VR Beginner/Prefabs/Tutorial/HandProto.prefab using Guid(3467bca67fe9c5c49bc35b025f5814ee) Importer(815301076,1909f56bfc062723c751e8b465ee728b)  -> (artifact id: 'bbed4d27983fba5c943834416b5db36b') in 0.429235 seconds
  Import took 0.433645 seconds .

========================================================================
Received Import Request.
  Time since last request: 0.000289 seconds.
  path: Assets/VR Beginner/Prefabs/Tutorial/TeleporterBase.prefab
  artifactKey: Guid(321c75abba1ac9940b4193b057edc132) Importer(815301076,1909f56bfc062723c751e8b465ee728b)
Start importing Assets/VR Beginner/Prefabs/Tutorial/TeleporterBase.prefab using Guid(321c75abba1ac9940b4193b057edc132) Importer(815301076,1909f56bfc062723c751e8b465ee728b)  -> (artifact id: '3653b5db523303cc83c7e2801f9dc424') in 0.017493 seconds
  Import took 0.022338 seconds .

========================================================================
Received Import Request.
  Time since last request: 0.000285 seconds.
  path: Assets/VR Beginner/Prefabs/Tutorial/Fusebox.prefab
  artifactKey: Guid(9d10edaecc9279d41baf1d5e360afc08) Importer(815301076,1909f56bfc062723c751e8b465ee728b)
Start importing Assets/VR Beginner/Prefabs/Tutorial/Fusebox.prefab using Guid(9d10edaecc9279d41baf1d5e360afc08) Importer(815301076,1909f56bfc062723c751e8b465ee728b)  -> (artifact id: '7a8a228655caee72728e4bb969a4ffe6') in 0.342391 seconds
  Import took 0.347578 seconds .

========================================================================
Received Import Request.
  Time since last request: 220.868849 seconds.
  path: Assets/VR Beginner/Prefabs/Tutorial/Objects
  artifactKey: Guid(67ea8dbc2e00efc459ba3c0705e9914f) Importer(815301076,1909f56bfc062723c751e8b465ee728b)
Start importing Assets/VR Beginner/Prefabs/Tutorial/Objects using Guid(67ea8dbc2e00efc459ba3c0705e9914f) Importer(815301076,1909f56bfc062723c751e8b465ee728b)  -> (artifact id: '2525a58994f19d4dbb708c77e681c4f2') in 0.002513 seconds
  Import took 0.007857 seconds .

========================================================================
Received Import Request.
  Time since last request: 0.071718 seconds.
  path: Assets/VR Beginner/Prefabs/Tutorial/Objects/BubbleGun.prefab
  artifactKey: Guid(86f1e130be26d544cb16ee5ce13847c4) Importer(815301076,1909f56bfc062723c751e8b465ee728b)
Start importing Assets/VR Beginner/Prefabs/Tutorial/Objects/BubbleGun.prefab using Guid(86f1e130be26d544cb16ee5ce13847c4) Importer(815301076,1909f56bfc062723c751e8b465ee728b)  -> (artifact id: '88cb2ffaac176fbf3bb226d8c9eb2965') in 0.423639 seconds
  Import took 0.428268 seconds .

========================================================================
Received Import Request.
  Time since last request: 0.000293 seconds.
  path: Assets/VR Beginner/Prefabs/Tutorial/Objects/LaserPointer.prefab
  artifactKey: Guid(f6c01721d5610d94db6a04110a48ad53) Importer(815301076,1909f56bfc062723c751e8b465ee728b)
Start importing Assets/VR Beginner/Prefabs/Tutorial/Objects/LaserPointer.prefab using Guid(f6c01721d5610d94db6a04110a48ad53) Importer(815301076,1909f56bfc062723c751e8b465ee728b)  -> (artifact id: 'bfe22bda855e8184126e2fd1167123b9') in 0.014099 seconds
  Import took 0.018768 seconds .

========================================================================
Received Import Request.
  Time since last request: 0.000508 seconds.
  path: Assets/VR Beginner/Prefabs/Tutorial/Objects/Fan.prefab
  artifactKey: Guid(8706b42d17b2b03439d3840f59327776) Importer(815301076,1909f56bfc062723c751e8b465ee728b)
Start importing Assets/VR Beginner/Prefabs/Tutorial/Objects/Fan.prefab using Guid(8706b42d17b2b03439d3840f59327776) Importer(815301076,1909f56bfc062723c751e8b465ee728b)  -> (artifact id: '5edd68c34651c928046308f50a05f0e0') in 0.014271 seconds
  Import took 0.019714 seconds .

========================================================================
Received Import Request.
  Time since last request: 0.000450 seconds.
  path: Assets/VR Beginner/Prefabs/Tutorial/Objects/Toothbrush.prefab
  artifactKey: Guid(2fa3a24ccec0b0f45b97019c1c2992c9) Importer(815301076,1909f56bfc062723c751e8b465ee728b)
Start importing Assets/VR Beginner/Prefabs/Tutorial/Objects/Toothbrush.prefab using Guid(2fa3a24ccec0b0f45b97019c1c2992c9) Importer(815301076,1909f56bfc062723c751e8b465ee728b)  -> (artifact id: '7dcde0f5ddcbca4e62d59678c4f7d456') in 0.011518 seconds
  Import took 0.017036 seconds .

========================================================================
Received Import Request.
  Time since last request: 67.008303 seconds.
  path: Assets/VR Beginner/VFX/Sparks/Sparks.mat
  artifactKey: Guid(c1f09c5971ce45e458742250afd3ba2b) Importer(815301076,1909f56bfc062723c751e8b465ee728b)
Start importing Assets/VR Beginner/VFX/Sparks/Sparks.mat using Guid(c1f09c5971ce45e458742250afd3ba2b) Importer(815301076,1909f56bfc062723c751e8b465ee728b)  -> (artifact id: '66e74b4fa22d04920133767032ff9f3d') in 0.026912 seconds
  Import took 0.032381 seconds .

========================================================================
Received Import Request.
  Time since last request: 232.871929 seconds.
  path: Assets/VR Beginner/Audio/FutzedBGMMarble.ogg
  artifactKey: Guid(2ac63100fedeaab429c0456b63297f09) Importer(815301076,1909f56bfc062723c751e8b465ee728b)
Start importing Assets/VR Beginner/Audio/FutzedBGMMarble.ogg using Guid(2ac63100fedeaab429c0456b63297f09) Importer(815301076,1909f56bfc062723c751e8b465ee728b)  -> (artifact id: '7f54c9812d865f327005fc6bb0b5ccad') in 0.037795 seconds
  Import took 0.042757 seconds .

========================================================================
Received Import Request.
  Time since last request: 0.000305 seconds.
  path: Assets/VR Beginner/Audio/SFXCauldronCreak01.ogg
  artifactKey: Guid(362b274e2f2d91b4bb1cd7556c435220) Importer(815301076,1909f56bfc062723c751e8b465ee728b)
Start importing Assets/VR Beginner/Audio/SFXCauldronCreak01.ogg using Guid(362b274e2f2d91b4bb1cd7556c435220) Importer(815301076,1909f56bfc062723c751e8b465ee728b)  -> (artifact id: '00ffb5797981e5001b92c6a09e58e7bd') in 0.007901 seconds
  Import took 0.011978 seconds .

========================================================================
Received Import Request.
  Time since last request: 0.000299 seconds.
  path: Assets/VR Beginner/Audio/SFXCauldronBubbles04.wav
  artifactKey: Guid(6115a09e3a85f5643b34ac304ab49344) Importer(815301076,1909f56bfc062723c751e8b465ee728b)
Start importing Assets/VR Beginner/Audio/SFXCauldronBubbles04.wav using Guid(6115a09e3a85f5643b34ac304ab49344) Importer(815301076,1909f56bfc062723c751e8b465ee728b)  -> (artifact id: 'a60855300ee07f42382fe64515eb1ef3') in 0.011299 seconds
  Import took 0.016057 seconds .

========================================================================
Received Import Request.
  Time since last request: 0.000307 seconds.
  path: Assets/VR Beginner/Audio/FutzedRadioTuning.ogg
  artifactKey: Guid(39f47a5988aabfd418d4815b69cca7a8) Importer(815301076,1909f56bfc062723c751e8b465ee728b)
Start importing Assets/VR Beginner/Audio/FutzedRadioTuning.ogg using Guid(39f47a5988aabfd418d4815b69cca7a8) Importer(815301076,1909f56bfc062723c751e8b465ee728b)  -> (artifact id: '6a8239cfc5f933cf9c66b9f6298a8033') in 0.009152 seconds
  Import took 0.013728 seconds .

========================================================================
Received Import Request.
  Time since last request: 0.000281 seconds.
  path: Assets/VR Beginner/Audio/SFXCauldronButton04.ogg
  artifactKey: Guid(2a611e09f0cdf184aa4ae24279f38efc) Importer(815301076,1909f56bfc062723c751e8b465ee728b)
Start importing Assets/VR Beginner/Audio/SFXCauldronButton04.ogg using Guid(2a611e09f0cdf184aa4ae24279f38efc) Importer(815301076,1909f56bfc062723c751e8b465ee728b)  -> (artifact id: '8718a43a956c4f9a741ba2997dfc252c') in 0.010781 seconds
  Import took 0.015572 seconds .

========================================================================
Received Import Request.
  Time since last request: 0.000450 seconds.
  path: Assets/VR Beginner/Audio/SFXCauldronButton06.ogg
  artifactKey: Guid(8ed980f6e06d512428418716cf0ba79a) Importer(815301076,1909f56bfc062723c751e8b465ee728b)
Start importing Assets/VR Beginner/Audio/SFXCauldronButton06.ogg using Guid(8ed980f6e06d512428418716cf0ba79a) Importer(815301076,1909f56bfc062723c751e8b465ee728b)  -> (artifact id: 'd1f621d9bde42822e61b784a408d4e7d') in 0.009005 seconds
  Import took 0.014690 seconds .

========================================================================
Received Import Request.
  Time since last request: 0.000315 seconds.
  path: Assets/VR Beginner/Audio/FutzedBGMPixelRPG.ogg
  artifactKey: Guid(593010e70058e0641b1941b87f5c8ca1) Importer(815301076,1909f56bfc062723c751e8b465ee728b)
Start importing Assets/VR Beginner/Audio/FutzedBGMPixelRPG.ogg using Guid(593010e70058e0641b1941b87f5c8ca1) Importer(815301076,1909f56bfc062723c751e8b465ee728b)  -> (artifact id: '2080d411ef28183864280cfaeb07cd36') in 0.010585 seconds
  Import took 0.015121 seconds .

========================================================================
Received Import Request.
  Time since last request: 0.000241 seconds.
  path: Assets/VR Beginner/Audio/SFXCauldronButton03.ogg
  artifactKey: Guid(5e2c06615cb7d844894a2c1ca8087fdc) Importer(815301076,1909f56bfc062723c751e8b465ee728b)
Start importing Assets/VR Beginner/Audio/SFXCauldronButton03.ogg using Guid(5e2c06615cb7d844894a2c1ca8087fdc) Importer(815301076,1909f56bfc062723c751e8b465ee728b)  -> (artifact id: '057581f466b3dd9fd8465353395a9a7f') in 0.010516 seconds
  Import took 0.015543 seconds .

========================================================================
Received Import Request.
  Time since last request: 0.000265 seconds.
  path: Assets/VR Beginner/Audio/SFXCauldronBubbles02.wav
  artifactKey: Guid(0805da97cefa5ec42b4acac4092d9b6a) Importer(815301076,1909f56bfc062723c751e8b465ee728b)
Start importing Assets/VR Beginner/Audio/SFXCauldronBubbles02.wav using Guid(0805da97cefa5ec42b4acac4092d9b6a) Importer(815301076,1909f56bfc062723c751e8b465ee728b)  -> (artifact id: '2703cf1d59fbd83cfd699048d93ca97e') in 0.012809 seconds
  Import took 0.017424 seconds .

========================================================================
Received Import Request.
  Time since last request: 0.000242 seconds.
  path: Assets/VR Beginner/Audio/FutzedBMGFPS.ogg
  artifactKey: Guid(5995d3fe9ccbef142ac8bae30f7ab246) Importer(815301076,1909f56bfc062723c751e8b465ee728b)
Start importing Assets/VR Beginner/Audio/FutzedBMGFPS.ogg using Guid(5995d3fe9ccbef142ac8bae30f7ab246) Importer(815301076,1909f56bfc062723c751e8b465ee728b)  -> (artifact id: 'db68659a70cb4f6d2236232f06862264') in 0.011845 seconds
  Import took 0.016812 seconds .

========================================================================
Received Import Request.
  Time since last request: 0.000284 seconds.
  path: Assets/VR Beginner/Audio/SFXCauldronBubbleLoop.ogg
  artifactKey: Guid(f3def460b96abf440bbc45fa66d44c55) Importer(815301076,1909f56bfc062723c751e8b465ee728b)
Start importing Assets/VR Beginner/Audio/SFXCauldronBubbleLoop.ogg using Guid(f3def460b96abf440bbc45fa66d44c55) Importer(815301076,1909f56bfc062723c751e8b465ee728b)  -> (artifact id: 'aba5560be9f5884ca443a4a0b4166738') in 0.013468 seconds
  Import took 0.019010 seconds .

========================================================================
Received Import Request.
  Time since last request: 0.000257 seconds.
  path: Assets/VR Beginner/Audio/SFXCauldronButton07.ogg
  artifactKey: Guid(6f02926f2a7661d4997569714f60463f) Importer(815301076,1909f56bfc062723c751e8b465ee728b)
Start importing Assets/VR Beginner/Audio/SFXCauldronButton07.ogg using Guid(6f02926f2a7661d4997569714f60463f) Importer(815301076,1909f56bfc062723c751e8b465ee728b)  -> (artifact id: 'c9b2ffd0aef164e760ac9b62b7267bce') in 0.010792 seconds
  Import took 0.015557 seconds .

========================================================================
Received Import Request.
  Time since last request: 0.000277 seconds.
  path: Assets/VR Beginner/Audio/SFXAtmos.ogg
  artifactKey: Guid(258ec0352c1e835408b182b35f359e47) Importer(815301076,1909f56bfc062723c751e8b465ee728b)
Start importing Assets/VR Beginner/Audio/SFXAtmos.ogg using Guid(258ec0352c1e835408b182b35f359e47) Importer(815301076,1909f56bfc062723c751e8b465ee728b)  -> (artifact id: '2833ab26ccb45b29b8c6841259a8d715') in 0.011843 seconds
  Import took 0.016296 seconds .

========================================================================
Received Import Request.
  Time since last request: 0.000246 seconds.
  path: Assets/VR Beginner/Audio/FutzedBGMMenu.ogg
  artifactKey: Guid(d51aefc06b28742469e421eef9a847f0) Importer(815301076,1909f56bfc062723c751e8b465ee728b)
Start importing Assets/VR Beginner/Audio/FutzedBGMMenu.ogg using Guid(d51aefc06b28742469e421eef9a847f0) Importer(815301076,1909f56bfc062723c751e8b465ee728b)  -> (artifact id: 'b3baedbe77207dbe7504815a6d0a2349') in 0.011958 seconds
  Import took 0.016685 seconds .

========================================================================
Received Import Request.
  Time since last request: 0.000289 seconds.
  path: Assets/VR Beginner/Audio/SFXCauldronBrew.ogg
  artifactKey: Guid(cc18a2c840bc944498125cc8e5d1ddb1) Importer(815301076,1909f56bfc062723c751e8b465ee728b)
Start importing Assets/VR Beginner/Audio/SFXCauldronBrew.ogg using Guid(cc18a2c840bc944498125cc8e5d1ddb1) Importer(815301076,1909f56bfc062723c751e8b465ee728b)  -> (artifact id: '84f3946efef03dac06996332e6e68fa2') in 0.013251 seconds
  Import took 0.017834 seconds .

========================================================================
Received Import Request.
  Time since last request: 0.000222 seconds.
  path: Assets/VR Beginner/Audio/SFXCauldronButton08.ogg
  artifactKey: Guid(26555f76312e8464d9d591def198dd5f) Importer(815301076,1909f56bfc062723c751e8b465ee728b)
Start importing Assets/VR Beginner/Audio/SFXCauldronButton08.ogg using Guid(26555f76312e8464d9d591def198dd5f) Importer(815301076,1909f56bfc062723c751e8b465ee728b)  -> (artifact id: '39d2a1ff9b89ea8f890e5b13215c52d8') in 0.010427 seconds
  Import took 0.015031 seconds .

========================================================================
Received Import Request.
  Time since last request: 0.000299 seconds.
  path: Assets/VR Beginner/Audio/SFXCauldronCreak02.ogg
  artifactKey: Guid(23d995a9ff50d1e4e96cee0d9e578811) Importer(815301076,1909f56bfc062723c751e8b465ee728b)
Start importing Assets/VR Beginner/Audio/SFXCauldronCreak02.ogg using Guid(23d995a9ff50d1e4e96cee0d9e578811) Importer(815301076,1909f56bfc062723c751e8b465ee728b)  -> (artifact id: '58caf6fa938d482f1e14b962c64086ae') in 0.013856 seconds
  Import took 0.018781 seconds .

========================================================================
Received Import Request.
  Time since last request: 0.000245 seconds.
  path: Assets/VR Beginner/Audio/SFXChestLid.ogg
  artifactKey: Guid(451e7faaa340f5341bd134a304098adc) Importer(815301076,1909f56bfc062723c751e8b465ee728b)
Start importing Assets/VR Beginner/Audio/SFXChestLid.ogg using Guid(451e7faaa340f5341bd134a304098adc) Importer(815301076,1909f56bfc062723c751e8b465ee728b)  -> (artifact id: '3bdcdcfe2b8adfb105f8306ea316dd5b') in 0.006885 seconds
  Import took 0.011680 seconds .

========================================================================
Received Import Request.
  Time since last request: 0.000232 seconds.
  path: Assets/VR Beginner/Audio/SFXCauldronButton01.ogg
  artifactKey: Guid(dde83f12004999e42a761ddfe8b6e5fd) Importer(815301076,1909f56bfc062723c751e8b465ee728b)
Start importing Assets/VR Beginner/Audio/SFXCauldronButton01.ogg using Guid(dde83f12004999e42a761ddfe8b6e5fd) Importer(815301076,1909f56bfc062723c751e8b465ee728b)  -> (artifact id: 'f26580734aafef78e89f70b41ed07b71') in 0.007420 seconds
  Import took 0.012630 seconds .

========================================================================
Received Import Request.
  Time since last request: 0.000357 seconds.
  path: Assets/VR Beginner/Audio/SFXCorkPop01.ogg
  artifactKey: Guid(6a98e81ed6ddd014297d709a3a596565) Importer(815301076,1909f56bfc062723c751e8b465ee728b)
Start importing Assets/VR Beginner/Audio/SFXCorkPop01.ogg using Guid(6a98e81ed6ddd014297d709a3a596565) Importer(815301076,1909f56bfc062723c751e8b465ee728b)  -> (artifact id: 'f7326f1e180ba2873bb88dee8708d0ad') in 0.007449 seconds
  Import took 0.011975 seconds .

========================================================================
Received Import Request.
  Time since last request: 0.000219 seconds.
  path: Assets/VR Beginner/Audio/SFXCauldronButton05.ogg
  artifactKey: Guid(21e7f6427ab3ec64d94c1960eeb1f810) Importer(815301076,1909f56bfc062723c751e8b465ee728b)
Start importing Assets/VR Beginner/Audio/SFXCauldronButton05.ogg using Guid(21e7f6427ab3ec64d94c1960eeb1f810) Importer(815301076,1909f56bfc062723c751e8b465ee728b)  -> (artifact id: 'bd9441c1160f78fa9e1bbebad2258c76') in 0.006524 seconds
  Import took 0.010939 seconds .

========================================================================
Received Import Request.
  Time since last request: 0.000284 seconds.
  path: Assets/VR Beginner/Audio/SFXCauldronBubbles03.wav
  artifactKey: Guid(3e0897d7e60751d46836868bc32fd660) Importer(815301076,1909f56bfc062723c751e8b465ee728b)
Start importing Assets/VR Beginner/Audio/SFXCauldronBubbles03.wav using Guid(3e0897d7e60751d46836868bc32fd660) Importer(815301076,1909f56bfc062723c751e8b465ee728b)  -> (artifact id: '45d1b754716496fc93e5153f13f79296') in 0.006876 seconds
  Import took 0.011597 seconds .

========================================================================
Received Import Request.
  Time since last request: 0.000271 seconds.
  path: Assets/VR Beginner/Audio/SFXBookOpens.ogg
  artifactKey: Guid(f3970f254a8e7774db3f46c61e95c151) Importer(815301076,1909f56bfc062723c751e8b465ee728b)
Start importing Assets/VR Beginner/Audio/SFXBookOpens.ogg using Guid(f3970f254a8e7774db3f46c61e95c151) Importer(815301076,1909f56bfc062723c751e8b465ee728b)  -> (artifact id: 'cda0c32ce1ee431d5a965df9d5fc8574') in 0.007079 seconds
  Import took 0.011933 seconds .

========================================================================
Received Import Request.
  Time since last request: 0.000294 seconds.
  path: Assets/VR Beginner/Audio/SFXCauldronDrain.ogg
  artifactKey: Guid(71bffc7420eac69418f1d516aa4d1f91) Importer(815301076,1909f56bfc062723c751e8b465ee728b)
Start importing Assets/VR Beginner/Audio/SFXCauldronDrain.ogg using Guid(71bffc7420eac69418f1d516aa4d1f91) Importer(815301076,1909f56bfc062723c751e8b465ee728b)  -> (artifact id: '54e864c35f396332721a994aa8cbdd4b') in 0.006802 seconds
  Import took 0.012249 seconds .

========================================================================
Received Import Request.
  Time since last request: 0.000251 seconds.
  path: Assets/VR Beginner/Audio/SFXCauldronButton02.ogg
  artifactKey: Guid(3785bef4b4d8bf74bb630d40dbf376a6) Importer(815301076,1909f56bfc062723c751e8b465ee728b)
Start importing Assets/VR Beginner/Audio/SFXCauldronButton02.ogg using Guid(3785bef4b4d8bf74bb630d40dbf376a6) Importer(815301076,1909f56bfc062723c751e8b465ee728b)  -> (artifact id: '9ba9d6b25c66e567bf0f0f176ec54e73') in 0.007529 seconds
  Import took 0.011869 seconds .

========================================================================
Received Import Request.
  Time since last request: 0.000203 seconds.
  path: Assets/VR Beginner/Audio/SFXCauldronBubbles01.wav
  artifactKey: Guid(986c52d55247fea4ab08fa9456e96e0f) Importer(815301076,1909f56bfc062723c751e8b465ee728b)
Start importing Assets/VR Beginner/Audio/SFXCauldronBubbles01.wav using Guid(986c52d55247fea4ab08fa9456e96e0f) Importer(815301076,1909f56bfc062723c751e8b465ee728b)  -> (artifact id: '1d986779731114c8af91b38e3513a1f9') in 0.006842 seconds
  Import took 0.011702 seconds .

========================================================================
Received Import Request.
  Time since last request: 13.237154 seconds.
  path: Assets/VR Beginner/Audio/SFXCorkPop02.ogg
  artifactKey: Guid(bf3b6017f75ddfa41a9d9510453f637e) Importer(815301076,1909f56bfc062723c751e8b465ee728b)
Start importing Assets/VR Beginner/Audio/SFXCorkPop02.ogg using Guid(bf3b6017f75ddfa41a9d9510453f637e) Importer(815301076,1909f56bfc062723c751e8b465ee728b)  -> (artifact id: '9ed83593dbd7437fadc0b4ac41c96c1e') in 0.007217 seconds
  Import took 0.011447 seconds .

========================================================================
Received Import Request.
  Time since last request: 0.000265 seconds.
  path: Assets/VR Beginner/Audio/SFXDoorClosed.ogg
  artifactKey: Guid(ff0fbfed0f2fd2f47bc4dd8cd489f200) Importer(815301076,1909f56bfc062723c751e8b465ee728b)
Start importing Assets/VR Beginner/Audio/SFXDoorClosed.ogg using Guid(ff0fbfed0f2fd2f47bc4dd8cd489f200) Importer(815301076,1909f56bfc062723c751e8b465ee728b)  -> (artifact id: '8f10279cc11750b5c214ddaeb11acde8') in 0.007195 seconds
  Import took 0.011408 seconds .

========================================================================
Received Import Request.
  Time since last request: 0.000262 seconds.
  path: Assets/VR Beginner/Audio/SFXDoorHumLoop.ogg
  artifactKey: Guid(c1b79e2e7fc73f449af3051fb3044efb) Importer(815301076,1909f56bfc062723c751e8b465ee728b)
Start importing Assets/VR Beginner/Audio/SFXDoorHumLoop.ogg using Guid(c1b79e2e7fc73f449af3051fb3044efb) Importer(815301076,1909f56bfc062723c751e8b465ee728b)  -> (artifact id: '0d0764a6c27b07e8bdf4f7c04769fe60') in 0.008450 seconds
  Import took 0.013121 seconds .

========================================================================
Received Import Request.
  Time since last request: 0.000202 seconds.
  path: Assets/VR Beginner/Audio/SFXDoorOpen.ogg
  artifactKey: Guid(6078a4cd878c2364c91458e02ea0da26) Importer(815301076,1909f56bfc062723c751e8b465ee728b)
Start importing Assets/VR Beginner/Audio/SFXDoorOpen.ogg using Guid(6078a4cd878c2364c91458e02ea0da26) Importer(815301076,1909f56bfc062723c751e8b465ee728b)  -> (artifact id: '660605b54c91bd6c0b4a635f7df56ba7') in 0.010278 seconds
  Import took 0.014586 seconds .

========================================================================
Received Import Request.
  Time since last request: 0.000284 seconds.
  path: Assets/VR Beginner/Audio/SFXCrow.ogg
  artifactKey: Guid(f4de882d8ce51b444a87ca35061d9856) Importer(815301076,1909f56bfc062723c751e8b465ee728b)
Start importing Assets/VR Beginner/Audio/SFXCrow.ogg using Guid(f4de882d8ce51b444a87ca35061d9856) Importer(815301076,1909f56bfc062723c751e8b465ee728b)  -> (artifact id: 'f847ca7df9611445701c81227ae3cb0f') in 0.008717 seconds
  Import took 0.013813 seconds .

========================================================================
Received Import Request.
  Time since last request: 3.385872 seconds.
  path: Assets/VR Beginner/Audio/SFXDrawerLoopExperimental.ogg
  artifactKey: Guid(ab32a067930a9a544b7d83d1641396f8) Importer(815301076,1909f56bfc062723c751e8b465ee728b)
Start importing Assets/VR Beginner/Audio/SFXDrawerLoopExperimental.ogg using Guid(ab32a067930a9a544b7d83d1641396f8) Importer(815301076,1909f56bfc062723c751e8b465ee728b)  -> (artifact id: '218199db6fbf22050e998dcc29545ca9') in 0.009482 seconds
  Import took 0.013861 seconds .

========================================================================
Received Import Request.
  Time since last request: 0.000315 seconds.
  path: Assets/VR Beginner/Audio/SFXEscape.wav
  artifactKey: Guid(fd3bd321378413940b70e184d3689cf9) Importer(815301076,1909f56bfc062723c751e8b465ee728b)
Start importing Assets/VR Beginner/Audio/SFXEscape.wav using Guid(fd3bd321378413940b70e184d3689cf9) Importer(815301076,1909f56bfc062723c751e8b465ee728b)  -> (artifact id: '9641425dfe542967c38247398a80b735') in 0.008837 seconds
  Import took 0.013340 seconds .

========================================================================
Received Import Request.
  Time since last request: 0.000296 seconds.
  path: Assets/VR Beginner/Audio/SFXFireFlare.ogg
  artifactKey: Guid(ef7745ffc6ddb304fbe9359f0386220e) Importer(815301076,1909f56bfc062723c751e8b465ee728b)
Start importing Assets/VR Beginner/Audio/SFXFireFlare.ogg using Guid(ef7745ffc6ddb304fbe9359f0386220e) Importer(815301076,1909f56bfc062723c751e8b465ee728b)  -> (artifact id: '8f8aab7f2a75adf7927eaaa687255310') in 0.012441 seconds
  Import took 0.018145 seconds .

========================================================================
Received Import Request.
  Time since last request: 0.000439 seconds.
  path: Assets/VR Beginner/Audio/SFXGlassSmash01.wav
  artifactKey: Guid(c7108ea2363f3754bbe4bc1a7f3e6b04) Importer(815301076,1909f56bfc062723c751e8b465ee728b)
Start importing Assets/VR Beginner/Audio/SFXGlassSmash01.wav using Guid(c7108ea2363f3754bbe4bc1a7f3e6b04) Importer(815301076,1909f56bfc062723c751e8b465ee728b)  -> (artifact id: '569065e7959336bde87f21fbe741ca5f') in 0.013029 seconds
  Import took 0.017999 seconds .

========================================================================
Received Import Request.
  Time since last request: 0.000330 seconds.
  path: Assets/VR Beginner/Audio/SFXFire.ogg
  artifactKey: Guid(c184d2b6c2965a4449fe96576f04fd52) Importer(815301076,1909f56bfc062723c751e8b465ee728b)
Start importing Assets/VR Beginner/Audio/SFXFire.ogg using Guid(c184d2b6c2965a4449fe96576f04fd52) Importer(815301076,1909f56bfc062723c751e8b465ee728b)  -> (artifact id: '4e33061e26f4c8a84b674efd0a57b5f7') in 0.013173 seconds
  Import took 0.017796 seconds .

========================================================================
Received Import Request.
  Time since last request: 0.476689 seconds.
  path: Assets/VR Beginner/Audio/SFXGlassSmash02.wav
  artifactKey: Guid(f113d79bd6c0a7c40acedb2b7039bb04) Importer(815301076,1909f56bfc062723c751e8b465ee728b)
Start importing Assets/VR Beginner/Audio/SFXGlassSmash02.wav using Guid(f113d79bd6c0a7c40acedb2b7039bb04) Importer(815301076,1909f56bfc062723c751e8b465ee728b)  -> (artifact id: 'd508aa87e81b1a9cbec8111c36a25cc4') in 0.007621 seconds
  Import took 0.013389 seconds .

========================================================================
Received Import Request.
  Time since last request: 0.000319 seconds.
  path: Assets/VR Beginner/Audio/SFXGlassSmash03.wav
  artifactKey: Guid(cb39de09e2e4cd64e94701af2f9e9c52) Importer(815301076,1909f56bfc062723c751e8b465ee728b)
Start importing Assets/VR Beginner/Audio/SFXGlassSmash03.wav using Guid(cb39de09e2e4cd64e94701af2f9e9c52) Importer(815301076,1909f56bfc062723c751e8b465ee728b)  -> (artifact id: '76ed1a60d46273b0e67e53492ae26878') in 0.012414 seconds
  Import took 0.017117 seconds .

========================================================================
Received Import Request.
  Time since last request: 0.000310 seconds.
  path: Assets/VR Beginner/Audio/SFXImpactBooks02.ogg
  artifactKey: Guid(a7cd600e47c255946a3597a75b184727) Importer(815301076,1909f56bfc062723c751e8b465ee728b)
Start importing Assets/VR Beginner/Audio/SFXImpactBooks02.ogg using Guid(a7cd600e47c255946a3597a75b184727) Importer(815301076,1909f56bfc062723c751e8b465ee728b)  -> (artifact id: 'af4183d6d3434a90428e7c6821ab37f2') in 0.013978 seconds
  Import took 0.019249 seconds .

========================================================================
Received Import Request.
  Time since last request: 0.000509 seconds.
  path: Assets/VR Beginner/Audio/SFXImpactBooks01.ogg
  artifactKey: Guid(5a4cd35a425a3364aadb3fa808a3f3d9) Importer(815301076,1909f56bfc062723c751e8b465ee728b)
Start importing Assets/VR Beginner/Audio/SFXImpactBooks01.ogg using Guid(5a4cd35a425a3364aadb3fa808a3f3d9) Importer(815301076,1909f56bfc062723c751e8b465ee728b)  -> (artifact id: 'e5efca8439295332a0432be532917b29') in 0.010854 seconds
  Import took 0.016544 seconds .

========================================================================
Received Import Request.
  Time since last request: 0.000376 seconds.
  path: Assets/VR Beginner/Audio/SFXImpactBooks03.ogg
  artifactKey: Guid(4ce3900ffcaff544eaa834c6ee9c5bb5) Importer(815301076,1909f56bfc062723c751e8b465ee728b)
Start importing Assets/VR Beginner/Audio/SFXImpactBooks03.ogg using Guid(4ce3900ffcaff544eaa834c6ee9c5bb5) Importer(815301076,1909f56bfc062723c751e8b465ee728b)  -> (artifact id: 'ac66281b000431b0d2cd6c83d4adaaa1') in 0.018037 seconds
  Import took 0.023009 seconds .

========================================================================
Received Import Request.
  Time since last request: 97.666511 seconds.
  path: Assets
  artifactKey: Guid(00000000000000001000000000000000) Importer(815301076,1909f56bfc062723c751e8b465ee728b)
Start importing Assets using Guid(00000000000000001000000000000000) Importer(815301076,1909f56bfc062723c751e8b465ee728b)  -> (artifact id: 'e1a2c4dac9df7c17871e19a3b74f0e9f') in 0.002561 seconds
  Import took 0.007247 seconds .

========================================================================
Received Import Request.
  Time since last request: 30.580030 seconds.
  path: Assets/TutorialCCDatabase.asset
  artifactKey: Guid(6c32f5160965e444ba956cdb721f67d2) Importer(815301076,1909f56bfc062723c751e8b465ee728b)
Start importing Assets/TutorialCCDatabase.asset using Guid(6c32f5160965e444ba956cdb721f67d2) Importer(815301076,1909f56bfc062723c751e8b465ee728b)  -> (artifact id: '519dd2e5b433e18637a338438443e1bb') in 0.007168 seconds
  Import took 0.011962 seconds .

========================================================================
Received Import Request.
  Time since last request: 27.483640 seconds.
  path: Assets/VR Beginner/Audio/SFXImpactDrawer01.ogg
  artifactKey: Guid(8e39ccd7eed22a94d87f8dedd8c4d59e) Importer(815301076,1909f56bfc062723c751e8b465ee728b)
Start importing Assets/VR Beginner/Audio/SFXImpactDrawer01.ogg using Guid(8e39ccd7eed22a94d87f8dedd8c4d59e) Importer(815301076,1909f56bfc062723c751e8b465ee728b)  -> (artifact id: 'fdb8bbc7fbba0ab2ced460b5e28f415f') in 0.007822 seconds
  Import took 0.012807 seconds .

========================================================================
Received Import Request.
  Time since last request: 0.000277 seconds.
  path: Assets/VR Beginner/Audio/SFXImpactDrawer03.ogg
  artifactKey: Guid(06e137ed6aae03447a113745e2dd015a) Importer(815301076,1909f56bfc062723c751e8b465ee728b)
Start importing Assets/VR Beginner/Audio/SFXImpactDrawer03.ogg using Guid(06e137ed6aae03447a113745e2dd015a) Importer(815301076,1909f56bfc062723c751e8b465ee728b)  -> (artifact id: '0f418fc94a96f91188558c7855d85ef9') in 0.015245 seconds
  Import took 0.019470 seconds .

========================================================================
Received Import Request.
  Time since last request: 0.000303 seconds.
  path: Assets/VR Beginner/Audio/SFXImpactGlass02.ogg
  artifactKey: Guid(f904124dfe2b8f94eb34729931f321b9) Importer(815301076,1909f56bfc062723c751e8b465ee728b)
Start importing Assets/VR Beginner/Audio/SFXImpactGlass02.ogg using Guid(f904124dfe2b8f94eb34729931f321b9) Importer(815301076,1909f56bfc062723c751e8b465ee728b)  -> (artifact id: '83cc92549d30f75952a2bab452659e8d') in 0.010076 seconds
  Import took 0.014783 seconds .

========================================================================
Received Import Request.
  Time since last request: 0.000264 seconds.
  path: Assets/VR Beginner/Audio/SFXImpactGlass01.ogg
  artifactKey: Guid(aeecee88fe4ea95438b8294d67e1ad93) Importer(815301076,1909f56bfc062723c751e8b465ee728b)
Start importing Assets/VR Beginner/Audio/SFXImpactGlass01.ogg using Guid(aeecee88fe4ea95438b8294d67e1ad93) Importer(815301076,1909f56bfc062723c751e8b465ee728b)  -> (artifact id: '6f5ee193122602cb7cc015ce5fe84d8c') in 0.011056 seconds
  Import took 0.016174 seconds .

========================================================================
Received Import Request.
  Time since last request: 0.000285 seconds.
  path: Assets/VR Beginner/Audio/SFXImpactDrawer02.ogg
  artifactKey: Guid(5ab86be4873fb2b48bf32cd4c98a8633) Importer(815301076,1909f56bfc062723c751e8b465ee728b)
Start importing Assets/VR Beginner/Audio/SFXImpactDrawer02.ogg using Guid(5ab86be4873fb2b48bf32cd4c98a8633) Importer(815301076,1909f56bfc062723c751e8b465ee728b)  -> (artifact id: '82c8f044a1e3f8be673780d8893150cf') in 0.012228 seconds
  Import took 0.017556 seconds .

========================================================================
Received Import Request.
  Time since last request: 0.550702 seconds.
  path: Assets/VR Beginner/Audio/SFXImpactGlass03.ogg
  artifactKey: Guid(37991cf3b310d194dafe0b577f2bed19) Importer(815301076,1909f56bfc062723c751e8b465ee728b)
Start importing Assets/VR Beginner/Audio/SFXImpactGlass03.ogg using Guid(37991cf3b310d194dafe0b577f2bed19) Importer(815301076,1909f56bfc062723c751e8b465ee728b)  -> (artifact id: 'b9b9c84d56d12ea7311c2f928d1a4b0f') in 0.015478 seconds
  Import took 0.020239 seconds .

========================================================================
Received Import Request.
  Time since last request: 0.000289 seconds.
  path: Assets/VR Beginner/Audio/SFXImpactHeavy02.ogg
  artifactKey: Guid(cb9c766249a53f94882893cd9d551dc8) Importer(815301076,1909f56bfc062723c751e8b465ee728b)
Start importing Assets/VR Beginner/Audio/SFXImpactHeavy02.ogg using Guid(cb9c766249a53f94882893cd9d551dc8) Importer(815301076,1909f56bfc062723c751e8b465ee728b)  -> (artifact id: '757c6589caa6ac17377269e29b21b0c7') in 0.008408 seconds
  Import took 0.013534 seconds .

========================================================================
Received Import Request.
  Time since last request: 0.000362 seconds.
  path: Assets/VR Beginner/Audio/SFXImpactGlass04.ogg
  artifactKey: Guid(b67b5a0c64ab34e43aca3ac3aa4b1477) Importer(815301076,1909f56bfc062723c751e8b465ee728b)
Start importing Assets/VR Beginner/Audio/SFXImpactGlass04.ogg using Guid(b67b5a0c64ab34e43aca3ac3aa4b1477) Importer(815301076,1909f56bfc062723c751e8b465ee728b)  -> (artifact id: 'b6309900f73f226aa67f13491ecfe0bd') in 0.012196 seconds
  Import took 0.017227 seconds .

========================================================================
Received Import Request.
  Time since last request: 0.000282 seconds.
  path: Assets/VR Beginner/Audio/SFXImpactHeavy03.ogg
  artifactKey: Guid(6cc51a4bbc69b8146b6170eb6efeae2e) Importer(815301076,1909f56bfc062723c751e8b465ee728b)
Start importing Assets/VR Beginner/Audio/SFXImpactHeavy03.ogg using Guid(6cc51a4bbc69b8146b6170eb6efeae2e) Importer(815301076,1909f56bfc062723c751e8b465ee728b)  -> (artifact id: 'd1c1f3e8693f8cea78cba79095464f05') in 0.008375 seconds
  Import took 0.013672 seconds .

========================================================================
Received Import Request.
  Time since last request: 0.000280 seconds.
  path: Assets/VR Beginner/Audio/SFXImpactHeavy01.ogg
  artifactKey: Guid(e28c90b3e8525e24e8ffcc0a5e81f376) Importer(815301076,1909f56bfc062723c751e8b465ee728b)
Start importing Assets/VR Beginner/Audio/SFXImpactHeavy01.ogg using Guid(e28c90b3e8525e24e8ffcc0a5e81f376) Importer(815301076,1909f56bfc062723c751e8b465ee728b)  -> (artifact id: '53409a90f5f0532b4e49a35b115a06c8') in 0.009026 seconds
  Import took 0.013642 seconds .

========================================================================
Received Import Request.
  Time since last request: 73.865596 seconds.
  path: Assets/TutorielCCDatabase.asset
  artifactKey: Guid(f5ae87b21b7270c4db9628d1c4ca0052) Importer(815301076,1909f56bfc062723c751e8b465ee728b)
Start importing Assets/TutorielCCDatabase.asset using Guid(f5ae87b21b7270c4db9628d1c4ca0052) Importer(815301076,1909f56bfc062723c751e8b465ee728b)  -> (artifact id: '4513efea50d6b1d7ca592127b5cdc1f7') in 0.003875 seconds
  Import took 0.008802 seconds .

========================================================================
Received Import Request.
  Time since last request: 0.000525 seconds.
  path: Assets/TutorielCCDatabase.asset
  artifactKey: Guid(f5ae87b21b7270c4db9628d1c4ca0052) Importer(815301076,1909f56bfc062723c751e8b465ee728b)
Start importing Assets/TutorielCCDatabase.asset using Guid(f5ae87b21b7270c4db9628d1c4ca0052) Importer(815301076,1909f56bfc062723c751e8b465ee728b)  -> (artifact id: '4513efea50d6b1d7ca592127b5cdc1f7') in 0.002855 seconds
  Import took 0.007642 seconds .

========================================================================
Received Import Request.
  Time since last request: 11.518007 seconds.
  path: Assets/TutorialCCDatabase.asset
  artifactKey: Guid(f5ae87b21b7270c4db9628d1c4ca0052) Importer(815301076,1909f56bfc062723c751e8b465ee728b)
Start importing Assets/TutorialCCDatabase.asset using Guid(f5ae87b21b7270c4db9628d1c4ca0052) Importer(815301076,1909f56bfc062723c751e8b465ee728b)  -> (artifact id: '65498d7321f7b1242a65f04dd2905929') in 0.003218 seconds
  Import took 0.008958 seconds .

========================================================================
Received Import Request.
  Time since last request: 0.000830 seconds.
  path: Assets/TutorialCCDatabase.asset
  artifactKey: Guid(f5ae87b21b7270c4db9628d1c4ca0052) Importer(815301076,1909f56bfc062723c751e8b465ee728b)
Start importing Assets/TutorialCCDatabase.asset using Guid(f5ae87b21b7270c4db9628d1c4ca0052) Importer(815301076,1909f56bfc062723c751e8b465ee728b)  -> (artifact id: '65498d7321f7b1242a65f04dd2905929') in 0.002846 seconds
  Import took 0.007301 seconds .

========================================================================
Received Import Request.
  Time since last request: 149.953367 seconds.
  path: Assets/VR Beginner/Prefabs/System
  artifactKey: Guid(7268a82bd36b6f94b8ce9d4b42c502c5) Importer(815301076,1909f56bfc062723c751e8b465ee728b)
Start importing Assets/VR Beginner/Prefabs/System using Guid(7268a82bd36b6f94b8ce9d4b42c502c5) Importer(815301076,1909f56bfc062723c751e8b465ee728b)  -> (artifact id: 'c082b45882dc212f9c52218e5281949c') in 0.002556 seconds
  Import took 0.007578 seconds .

========================================================================
Received Import Request.
  Time since last request: 0.085098 seconds.
  path: Assets/VR Beginner/Prefabs/System/CCCanvas.prefab
  artifactKey: Guid(3af81b2bb22b60348b47e8d0605411fe) Importer(815301076,1909f56bfc062723c751e8b465ee728b)
Start importing Assets/VR Beginner/Prefabs/System/CCCanvas.prefab using Guid(3af81b2bb22b60348b47e8d0605411fe) Importer(815301076,1909f56bfc062723c751e8b465ee728b)  -> (artifact id: '30065e848cdeb802abbb3743d70fa035') in 0.019102 seconds
  Import took 0.023489 seconds .

========================================================================
Received Import Request.
  Time since last request: 0.000305 seconds.
  path: Assets/VR Beginner/Prefabs/System/SFXplayer.prefab
  artifactKey: Guid(26b18545daec92646a05473136a2183a) Importer(815301076,1909f56bfc062723c751e8b465ee728b)
Start importing Assets/VR Beginner/Prefabs/System/SFXplayer.prefab using Guid(26b18545daec92646a05473136a2183a) Importer(815301076,1909f56bfc062723c751e8b465ee728b)  -> (artifact id: '7a5ec3c11b5d469be8a1aa8c40e456ba') in 0.005023 seconds
  Import took 0.009322 seconds .

========================================================================
Received Import Request.
  Time since last request: 0.000318 seconds.
  path: Assets/VR Beginner/Prefabs/System/CCSystem.prefab
  artifactKey: Guid(358b0eb736b06da40986b005d9aa1146) Importer(815301076,1909f56bfc062723c751e8b465ee728b)
Start importing Assets/VR Beginner/Prefabs/System/CCSystem.prefab using Guid(358b0eb736b06da40986b005d9aa1146) Importer(815301076,1909f56bfc062723c751e8b465ee728b)  -> (artifact id: '29eae4ac26f3b808b5ad8377e877343b') in 0.020339 seconds
  Import took 0.025640 seconds .

========================================================================
Received Import Request.
  Time since last request: 0.000296 seconds.
  path: Assets/VR Beginner/Prefabs/System/XR Rig.prefab
  artifactKey: Guid(d45e8a6999317d2428a51593da44d3ab) Importer(815301076,1909f56bfc062723c751e8b465ee728b)
Start importing Assets/VR Beginner/Prefabs/System/XR Rig.prefab using Guid(d45e8a6999317d2428a51593da44d3ab) Importer(815301076,1909f56bfc062723c751e8b465ee728b)  -> (artifact id: 'e9f0a4bbb14f5fb83f4140f9cac53c04') in 0.043406 seconds
  Import took 0.047752 seconds .

========================================================================
Received Import Request.
  Time since last request: 0.000316 seconds.
  path: Assets/VR Beginner/Prefabs/System/CCIndicator.prefab
  artifactKey: Guid(e391440c91e82f8459029f1bce8f6fc2) Importer(815301076,1909f56bfc062723c751e8b465ee728b)
Start importing Assets/VR Beginner/Prefabs/System/CCIndicator.prefab using Guid(e391440c91e82f8459029f1bce8f6fc2) Importer(815301076,1909f56bfc062723c751e8b465ee728b)  -> (artifact id: '465439faf8f4cd3886ee77bf73d41f6a') in 0.004192 seconds
  Import took 0.008601 seconds .

========================================================================
Received Import Request.
  Time since last request: 131.371984 seconds.
  path: Assets/VR Beginner/Audio/SFXImpactHeavy04.ogg
  artifactKey: Guid(ef2663bec11889c428b2e990047067fc) Importer(815301076,1909f56bfc062723c751e8b465ee728b)
Start importing Assets/VR Beginner/Audio/SFXImpactHeavy04.ogg using Guid(ef2663bec11889c428b2e990047067fc) Importer(815301076,1909f56bfc062723c751e8b465ee728b)  -> (artifact id: 'cbf0aec1a51c080df62c2f5ecf6e7156') in 0.007591 seconds
  Import took 0.012209 seconds .

========================================================================
Received Import Request.
  Time since last request: 0.000291 seconds.
  path: Assets/VR Beginner/Audio/SFXImpactLog03.ogg
  artifactKey: Guid(791539fbf0218d74584f4ed16c1e82af) Importer(815301076,1909f56bfc062723c751e8b465ee728b)
Start importing Assets/VR Beginner/Audio/SFXImpactLog03.ogg using Guid(791539fbf0218d74584f4ed16c1e82af) Importer(815301076,1909f56bfc062723c751e8b465ee728b)  -> (artifact id: '4ddcaa4294ee1455e295787055d47ff2') in 0.015203 seconds
  Import took 0.019996 seconds .

========================================================================
Received Import Request.
  Time since last request: 0.000301 seconds.
  path: Assets/VR Beginner/Audio/SFXImpactLog02.ogg
  artifactKey: Guid(9149f8e7e15cde44c8442820cae0c004) Importer(815301076,1909f56bfc062723c751e8b465ee728b)
Start importing Assets/VR Beginner/Audio/SFXImpactLog02.ogg using Guid(9149f8e7e15cde44c8442820cae0c004) Importer(815301076,1909f56bfc062723c751e8b465ee728b)  -> (artifact id: 'e156fff89474fe06388f3bbee2e69e2b') in 0.014714 seconds
  Import took 0.019614 seconds .

========================================================================
Received Import Request.
  Time since last request: 0.000321 seconds.
  path: Assets/VR Beginner/Audio/SFXImpactLog01.ogg
  artifactKey: Guid(6b4bac90cc2b731469eec9b6ffcba5f1) Importer(815301076,1909f56bfc062723c751e8b465ee728b)
Start importing Assets/VR Beginner/Audio/SFXImpactLog01.ogg using Guid(6b4bac90cc2b731469eec9b6ffcba5f1) Importer(815301076,1909f56bfc062723c751e8b465ee728b)  -> (artifact id: '442fb08757ba69d9a03ef999a99c2ea1') in 0.013672 seconds
  Import took 0.018389 seconds .

========================================================================
Received Import Request.
  Time since last request: 0.000250 seconds.
  path: Assets/VR Beginner/Audio/SFXImpactSoft01.ogg
  artifactKey: Guid(83d9659bbc3fb134a88248e4c847c0b1) Importer(815301076,1909f56bfc062723c751e8b465ee728b)
Start importing Assets/VR Beginner/Audio/SFXImpactSoft01.ogg using Guid(83d9659bbc3fb134a88248e4c847c0b1) Importer(815301076,1909f56bfc062723c751e8b465ee728b)  -> (artifact id: 'a6d695098e9785f629bfbea471b066b7') in 0.013268 seconds
  Import took 0.017511 seconds .

========================================================================
Received Import Request.
  Time since last request: 0.354214 seconds.
  path: Assets/VR Beginner/Audio/SFXImpactSoft02.ogg
  artifactKey: Guid(698723fe94cb4964fb9e7e5aea60b03f) Importer(815301076,1909f56bfc062723c751e8b465ee728b)
Start importing Assets/VR Beginner/Audio/SFXImpactSoft02.ogg using Guid(698723fe94cb4964fb9e7e5aea60b03f) Importer(815301076,1909f56bfc062723c751e8b465ee728b)  -> (artifact id: '041302afb1d5330970c4f9cfb40b9cb4') in 0.016299 seconds
  Import took 0.021191 seconds .

========================================================================
Received Import Request.
  Time since last request: 0.000285 seconds.
  path: Assets/VR Beginner/Audio/SFXKeyDrop.wav
  artifactKey: Guid(90e446b109c1ec24c9287706dc4b4a70) Importer(815301076,1909f56bfc062723c751e8b465ee728b)
Start importing Assets/VR Beginner/Audio/SFXKeyDrop.wav using Guid(90e446b109c1ec24c9287706dc4b4a70) Importer(815301076,1909f56bfc062723c751e8b465ee728b)  -> (artifact id: 'a5e8a333d80997937d0adf5789f16e3a') in 0.007731 seconds
  Import took 0.011921 seconds .

========================================================================
Received Import Request.
  Time since last request: 0.000327 seconds.
  path: Assets/VR Beginner/Audio/SFXImpactSoft04.ogg
  artifactKey: Guid(265b976ddc682714d9a91ef26e3a56a8) Importer(815301076,1909f56bfc062723c751e8b465ee728b)
Start importing Assets/VR Beginner/Audio/SFXImpactSoft04.ogg using Guid(265b976ddc682714d9a91ef26e3a56a8) Importer(815301076,1909f56bfc062723c751e8b465ee728b)  -> (artifact id: '11aed83689baeba6f9003de387eac6ac') in 0.008127 seconds
  Import took 0.012794 seconds .

========================================================================
Received Import Request.
  Time since last request: 0.000238 seconds.
  path: Assets/VR Beginner/Audio/SFXImpactSoft03.ogg
  artifactKey: Guid(8cc71be63fa30a8419e2e07ffcdba8c1) Importer(815301076,1909f56bfc062723c751e8b465ee728b)
Start importing Assets/VR Beginner/Audio/SFXImpactSoft03.ogg using Guid(8cc71be63fa30a8419e2e07ffcdba8c1) Importer(815301076,1909f56bfc062723c751e8b465ee728b)  -> (artifact id: 'd138100a8284044978308ae3ed6c41c2') in 0.008784 seconds
  Import took 0.013761 seconds .

========================================================================
Received Import Request.
  Time since last request: 0.000322 seconds.
  path: Assets/VR Beginner/Audio/SFXKeyDrop02.wav
  artifactKey: Guid(f3911c4c25860e0479c9834b1b29d1c6) Importer(815301076,1909f56bfc062723c751e8b465ee728b)
Start importing Assets/VR Beginner/Audio/SFXKeyDrop02.wav using Guid(f3911c4c25860e0479c9834b1b29d1c6) Importer(815301076,1909f56bfc062723c751e8b465ee728b)  -> (artifact id: '7709364224d20671e27d1a88fad95a1c') in 0.011893 seconds
  Import took 0.016532 seconds .

========================================================================
Received Import Request.
  Time since last request: 4.381574 seconds.
  path: Assets/VR Beginner/Audio/SFXLiquidPour.ogg
  artifactKey: Guid(c73fa4776c882fb4883ae9e22b5c3df7) Importer(815301076,1909f56bfc062723c751e8b465ee728b)
Start importing Assets/VR Beginner/Audio/SFXLiquidPour.ogg using Guid(c73fa4776c882fb4883ae9e22b5c3df7) Importer(815301076,1909f56bfc062723c751e8b465ee728b)  -> (artifact id: '7bec771bb757753fbb262bc0faf44c79') in 0.007995 seconds
  Import took 0.012599 seconds .

========================================================================
Received Import Request.
  Time since last request: 0.000286 seconds.
  path: Assets/VR Beginner/Audio/SFXLiquidPourLoop.ogg
  artifactKey: Guid(3c60f683fe0f8d84c889fee74a95c765) Importer(815301076,1909f56bfc062723c751e8b465ee728b)
Start importing Assets/VR Beginner/Audio/SFXLiquidPourLoop.ogg using Guid(3c60f683fe0f8d84c889fee74a95c765) Importer(815301076,1909f56bfc062723c751e8b465ee728b)  -> (artifact id: 'b01ca4b45f3a5db674c6196734b5fe00') in 0.010009 seconds
  Import took 0.014072 seconds .

========================================================================
Received Import Request.
  Time since last request: 0.000255 seconds.
  path: Assets/VR Beginner/Audio/SFXWandShoot.ogg
  artifactKey: Guid(0f575de090648e14da0f7e385b64535b) Importer(815301076,1909f56bfc062723c751e8b465ee728b)
Start importing Assets/VR Beginner/Audio/SFXWandShoot.ogg using Guid(0f575de090648e14da0f7e385b64535b) Importer(815301076,1909f56bfc062723c751e8b465ee728b)  -> (artifact id: 'e99396c39a12870c0f87aac1508b366f') in 0.010519 seconds
  Import took 0.015572 seconds .

========================================================================
Received Import Request.
  Time since last request: 0.000211 seconds.
  path: Assets/VR Beginner/Audio/SFXPotionReady.ogg
  artifactKey: Guid(a5438be1d96979f49a91644905e54479) Importer(815301076,1909f56bfc062723c751e8b465ee728b)
Start importing Assets/VR Beginner/Audio/SFXPotionReady.ogg using Guid(a5438be1d96979f49a91644905e54479) Importer(815301076,1909f56bfc062723c751e8b465ee728b)  -> (artifact id: '128f26b5a151f989d983dac60bf49057') in 0.008084 seconds
  Import took 0.012514 seconds .

========================================================================
Received Import Request.
  Time since last request: 0.000327 seconds.
  path: Assets/VR Beginner/Audio/SFXWandTwinkleLoop.wav
  artifactKey: Guid(2964d45b60d512642971a0b9597c61f9) Importer(815301076,1909f56bfc062723c751e8b465ee728b)
Start importing Assets/VR Beginner/Audio/SFXWandTwinkleLoop.wav using Guid(2964d45b60d512642971a0b9597c61f9) Importer(815301076,1909f56bfc062723c751e8b465ee728b)  -> (artifact id: 'd945a5bd8560771b1fd3ced2e7aca04a') in 0.008196 seconds
  Import took 0.012943 seconds .

========================================================================
Received Import Request.
  Time since last request: 0.000236 seconds.
  path: Assets/VR Beginner/Audio/SFXWandShoot.ogg
  artifactKey: Guid(0f575de090648e14da0f7e385b64535b) Importer(815301076,1909f56bfc062723c751e8b465ee728b)
Start importing Assets/VR Beginner/Audio/SFXWandShoot.ogg using Guid(0f575de090648e14da0f7e385b64535b) Importer(815301076,1909f56bfc062723c751e8b465ee728b)  -> (artifact id: 'e99396c39a12870c0f87aac1508b366f') in 0.009106 seconds
  Import took 0.014619 seconds .

========================================================================
Received Import Request.
  Time since last request: 0.428728 seconds.
  path: Assets/VR Beginner/Audio/SFXWandTwinkleLoop_Tuneful.wav
  artifactKey: Guid(18f606970e9857d468acb536d4756272) Importer(815301076,1909f56bfc062723c751e8b465ee728b)
Start importing Assets/VR Beginner/Audio/SFXWandTwinkleLoop_Tuneful.wav using Guid(18f606970e9857d468acb536d4756272) Importer(815301076,1909f56bfc062723c751e8b465ee728b)  -> (artifact id: '8c77bcf91dc291749347f29ebfe4e5da') in 0.007336 seconds
  Import took 0.012032 seconds .

========================================================================
Received Import Request.
  Time since last request: 0.000298 seconds.
  path: Assets/VR Beginner/Audio/SFXWandTwinkleZap.wav
  artifactKey: Guid(b80dddc602be16e48965c1a06c6741bb) Importer(815301076,1909f56bfc062723c751e8b465ee728b)
Start importing Assets/VR Beginner/Audio/SFXWandTwinkleZap.wav using Guid(b80dddc602be16e48965c1a06c6741bb) Importer(815301076,1909f56bfc062723c751e8b465ee728b)  -> (artifact id: '42313edde4169c7c2803cf3995a9d2e5') in 0.007275 seconds
  Import took 0.011593 seconds .

========================================================================
Received Import Request.
  Time since last request: 612.434217 seconds.
  path: Assets/Zeal.fbx
  artifactKey: Guid(f25bfbf369743fc478744df2121c6094) Importer(815301076,1909f56bfc062723c751e8b465ee728b)
Start importing Assets/Zeal.fbx using Guid(f25bfbf369743fc478744df2121c6094) Importer(815301076,1909f56bfc062723c751e8b465ee728b)  -> (artifact id: 'e8b6f70c40f73b494efb6d858eb9a96a') in 0.245211 seconds
  Import took 0.250816 seconds .

========================================================================
Received Import Request.
  Time since last request: 82.496933 seconds.
  path: Assets/VR Beginner/Audio
  artifactKey: Guid(cf8b71ecd80afd443b6b99ab707101c6) Importer(815301076,1909f56bfc062723c751e8b465ee728b)
Start importing Assets/VR Beginner/Audio using Guid(cf8b71ecd80afd443b6b99ab707101c6) Importer(815301076,1909f56bfc062723c751e8b465ee728b)  -> (artifact id: '54db186997fe11dbe1503ef70373a84e') in 0.003675 seconds
  Import took 0.009536 seconds .

========================================================================
Received Import Request.
  Time since last request: 52.415395 seconds.
  path: Assets/Bin.fbx
  artifactKey: Guid(da77733c9a890874b985b07f419ad7c2) Importer(815301076,1909f56bfc062723c751e8b465ee728b)
Start importing Assets/Bin.fbx using Guid(da77733c9a890874b985b07f419ad7c2) Importer(815301076,1909f56bfc062723c751e8b465ee728b)  -> (artifact id: '167f42c8326c4563ba4cbcfb210a57f7') in 0.032175 seconds
  Import took 0.038499 seconds .

========================================================================
Received Import Request.
  Time since last request: 50.489172 seconds.
  path: Assets/Omnic Hand.fbx
  artifactKey: Guid(4c80d42bdc7b9db44ab0cf973f161e22) Importer(815301076,1909f56bfc062723c751e8b465ee728b)
Start importing Assets/Omnic Hand.fbx using Guid(4c80d42bdc7b9db44ab0cf973f161e22) Importer(815301076,1909f56bfc062723c751e8b465ee728b)  -> (artifact id: 'fbce326ebb7674311cc586f22a43c604') in 0.015259 seconds
  Import took 0.020219 seconds .

========================================================================
Received Import Request.
  Time since last request: 0.001862 seconds.
  path: Assets/Omnic Hand.fbx
  artifactKey: Guid(4c80d42bdc7b9db44ab0cf973f161e22) Importer(815301076,1909f56bfc062723c751e8b465ee728b)
Start importing Assets/Omnic Hand.fbx using Guid(4c80d42bdc7b9db44ab0cf973f161e22) Importer(815301076,1909f56bfc062723c751e8b465ee728b)  -> (artifact id: 'fbce326ebb7674311cc586f22a43c604') in 0.015313 seconds
  Import took 0.020197 seconds .

========================================================================
Received Import Request.
  Time since last request: 57.758365 seconds.
  path: Assets/Cobrawood.fbx
  artifactKey: Guid(f3e722302f33e6e45abee40469c9ac7e) Importer(815301076,1909f56bfc062723c751e8b465ee728b)
Start importing Assets/Cobrawood.fbx using Guid(f3e722302f33e6e45abee40469c9ac7e) Importer(815301076,1909f56bfc062723c751e8b465ee728b)  -> (artifact id: '75ea3b43604b85ac44a4cb6adf535b83') in 0.027758 seconds
  Import took 0.032381 seconds .

========================================================================
Received Import Request.
  Time since last request: 50.402603 seconds.
  path: Assets/VR Beginner/Materials/BoxGrid.mat
  artifactKey: Guid(85947ffe4a26a41458fada64061c9d44) Importer(815301076,1909f56bfc062723c751e8b465ee728b)
Start importing Assets/VR Beginner/Materials/BoxGrid.mat using Guid(85947ffe4a26a41458fada64061c9d44) Importer(815301076,1909f56bfc062723c751e8b465ee728b)  -> (artifact id: 'fa13203323cff1cba3241ab61505ca1c') in 0.010900 seconds
  Import took 0.016139 seconds .

========================================================================
Received Import Request.
  Time since last request: 0.000276 seconds.
  path: Assets/VR Beginner/Materials/Drill.mat
  artifactKey: Guid(b6c84f572bc946d4b84bc3b6f87496f7) Importer(815301076,1909f56bfc062723c751e8b465ee728b)
Start importing Assets/VR Beginner/Materials/Drill.mat using Guid(b6c84f572bc946d4b84bc3b6f87496f7) Importer(815301076,1909f56bfc062723c751e8b465ee728b)  -> (artifact id: 'ee3f3852a5151779abb7a404ecc28920') in 0.010293 seconds
  Import took 0.014682 seconds .

========================================================================
Received Import Request.
  Time since last request: 0.000213 seconds.
  path: Assets/VR Beginner/Materials/Thermostat.mat
  artifactKey: Guid(d78698f9369911a4f9cddb5d54725359) Importer(815301076,1909f56bfc062723c751e8b465ee728b)
Start importing Assets/VR Beginner/Materials/Thermostat.mat using Guid(d78698f9369911a4f9cddb5d54725359) Importer(815301076,1909f56bfc062723c751e8b465ee728b)  -> (artifact id: '1003469b37b69643cfc5f312a36d096d') in 0.253214 seconds
  Import took 0.257866 seconds .

========================================================================
Received Import Request.
  Time since last request: 0.000271 seconds.
  path: Assets/VR Beginner/Materials/Fuse.mat
  artifactKey: Guid(3a5b60aad7ea6b64b857c3bfc3c15738) Importer(815301076,1909f56bfc062723c751e8b465ee728b)
Start importing Assets/VR Beginner/Materials/Fuse.mat using Guid(3a5b60aad7ea6b64b857c3bfc3c15738) Importer(815301076,1909f56bfc062723c751e8b465ee728b)  -> (artifact id: '9ac7c073e7713285fb5b1776cef610da') in 0.012838 seconds
  Import took 0.017074 seconds .

========================================================================
Received Import Request.
  Time since last request: 0.000245 seconds.
  path: Assets/VR Beginner/Materials/Hourglass.mat
  artifactKey: Guid(55950412b149dba4babae087ba0932fb) Importer(815301076,1909f56bfc062723c751e8b465ee728b)
Start importing Assets/VR Beginner/Materials/Hourglass.mat using Guid(55950412b149dba4babae087ba0932fb) Importer(815301076,1909f56bfc062723c751e8b465ee728b)  -> (artifact id: '97a63b7b3ba6977b5c03c2284e3a1592') in 0.025623 seconds
  Import took 0.030546 seconds .

========================================================================
Received Import Request.
  Time since last request: 0.000337 seconds.
  path: Assets/VR Beginner/Materials/HDRISkybox.mat
  artifactKey: Guid(cdd800a70c9988241823689d0e3cf46f) Importer(815301076,1909f56bfc062723c751e8b465ee728b)
Start importing Assets/VR Beginner/Materials/HDRISkybox.mat using Guid(cdd800a70c9988241823689d0e3cf46f) Importer(815301076,1909f56bfc062723c751e8b465ee728b)  -> (artifact id: '5c3e59428630535b80578b241f3cd8d3') in 0.024555 seconds
  Import took 0.029907 seconds .

========================================================================
Received Import Request.
  Time since last request: 0.000283 seconds.
  path: Assets/VR Beginner/Materials/RemoteController.mat
  artifactKey: Guid(39f83a14f1b5b524e875fadf99b70af8) Importer(815301076,1909f56bfc062723c751e8b465ee728b)
Start importing Assets/VR Beginner/Materials/RemoteController.mat using Guid(39f83a14f1b5b524e875fadf99b70af8) Importer(815301076,1909f56bfc062723c751e8b465ee728b)  -> (artifact id: '97695a57b2a5fbb5428e08ba5721cb74') in 0.016241 seconds
  Import took 0.021234 seconds .

========================================================================
Received Import Request.
  Time since last request: 0.000262 seconds.
  path: Assets/VR Beginner/Materials/GlassBounce.physicMaterial
  artifactKey: Guid(ca7e678f610631948b4ea5bc5740f361) Importer(815301076,1909f56bfc062723c751e8b465ee728b)
Start importing Assets/VR Beginner/Materials/GlassBounce.physicMaterial using Guid(ca7e678f610631948b4ea5bc5740f361) Importer(815301076,1909f56bfc062723c751e8b465ee728b)  -> (artifact id: 'dad095894f8366865e7691023a7faa95') in 0.004484 seconds
  Import took 0.009116 seconds .

========================================================================
Received Import Request.
  Time since last request: 0.000292 seconds.
  path: Assets/VR Beginner/Materials/DimmerSwitch.mat
  artifactKey: Guid(e222dbc97a43bbd41adc4f857de98ae1) Importer(815301076,1909f56bfc062723c751e8b465ee728b)
Start importing Assets/VR Beginner/Materials/DimmerSwitch.mat using Guid(e222dbc97a43bbd41adc4f857de98ae1) Importer(815301076,1909f56bfc062723c751e8b465ee728b)  -> (artifact id: '6440d9fecba35dc6159b4ae8c6b2ffe7') in 0.012252 seconds
  Import took 0.016924 seconds .

========================================================================
Received Import Request.
  Time since last request: 0.000265 seconds.
  path: Assets/VR Beginner/Materials/SkyboxBlue.mat
  artifactKey: Guid(95426e3e34c84d94a8f6c2d1db6df984) Importer(815301076,1909f56bfc062723c751e8b465ee728b)
Start importing Assets/VR Beginner/Materials/SkyboxBlue.mat using Guid(95426e3e34c84d94a8f6c2d1db6df984) Importer(815301076,1909f56bfc062723c751e8b465ee728b)  -> (artifact id: '4ab65f9fc26ff0eeb94572f0ad4eebc0') in 0.013891 seconds
  Import took 0.019109 seconds .

========================================================================
Received Import Request.
  Time since last request: 0.000302 seconds.
  path: Assets/VR Beginner/Materials/greenliquid.mat
  artifactKey: Guid(f5d45bc1d2cb66b49a693c5bf6e4a180) Importer(815301076,1909f56bfc062723c751e8b465ee728b)
Start importing Assets/VR Beginner/Materials/greenliquid.mat using Guid(f5d45bc1d2cb66b49a693c5bf6e4a180) Importer(815301076,1909f56bfc062723c751e8b465ee728b)  -> (artifact id: '6ce5ed35f09768ae537fb2750543f9a6') in 0.233644 seconds
  Import took 0.238295 seconds .

========================================================================
Received Import Request.
  Time since last request: 0.000257 seconds.
  path: Assets/VR Beginner/Materials/SkyboxBlank.mat
  artifactKey: Guid(508785c2af3499b4790effb0803f30eb) Importer(815301076,1909f56bfc062723c751e8b465ee728b)
Start importing Assets/VR Beginner/Materials/SkyboxBlank.mat using Guid(508785c2af3499b4790effb0803f30eb) Importer(815301076,1909f56bfc062723c751e8b465ee728b)  -> (artifact id: '4674420691804201861365cc65acd5d5') in 0.050671 seconds
  Import took 0.055203 seconds .

========================================================================
Received Import Request.
  Time since last request: 0.000276 seconds.
  path: Assets/VR Beginner/Materials/Kettle.mat
  artifactKey: Guid(e393265ee823ae946b36b57845ab34db) Importer(815301076,1909f56bfc062723c751e8b465ee728b)
Start importing Assets/VR Beginner/Materials/Kettle.mat using Guid(e393265ee823ae946b36b57845ab34db) Importer(815301076,1909f56bfc062723c751e8b465ee728b)  -> (artifact id: 'bdf73da1643c2be36f2e44d20f95fb4c') in 0.009160 seconds
  Import took 0.013688 seconds .

========================================================================
Received Import Request.
  Time since last request: 0.000208 seconds.
  path: Assets/VR Beginner/Materials/Mug.mat
  artifactKey: Guid(56c602ef423139e4a974fdaec2a4eafa) Importer(815301076,1909f56bfc062723c751e8b465ee728b)
Start importing Assets/VR Beginner/Materials/Mug.mat using Guid(56c602ef423139e4a974fdaec2a4eafa) Importer(815301076,1909f56bfc062723c751e8b465ee728b)  -> (artifact id: '9f48ccb7386e90900baff5f9458f6e92') in 0.010020 seconds
  Import took 0.015213 seconds .

========================================================================
Received Import Request.
  Time since last request: 0.000336 seconds.
  path: Assets/VR Beginner/Materials/TheMaterial.mat
  artifactKey: Guid(b087163334465c846aaae5f8ba363f50) Importer(815301076,1909f56bfc062723c751e8b465ee728b)
Start importing Assets/VR Beginner/Materials/TheMaterial.mat using Guid(b087163334465c846aaae5f8ba363f50) Importer(815301076,1909f56bfc062723c751e8b465ee728b)  -> (artifact id: '3e418b888c33f3c7803a5f130c556638') in 0.233553 seconds
  Import took 0.238074 seconds .

========================================================================
Received Import Request.
  Time since last request: 0.000239 seconds.
  path: Assets/VR Beginner/Materials/Gridtest.mat
  artifactKey: Guid(9e190c66eb01fad43afbb57a91e77ced) Importer(815301076,1909f56bfc062723c751e8b465ee728b)
Start importing Assets/VR Beginner/Materials/Gridtest.mat using Guid(9e190c66eb01fad43afbb57a91e77ced) Importer(815301076,1909f56bfc062723c751e8b465ee728b)  -> (artifact id: '10864d1286b54f42ebf386217dd9e544') in 0.009228 seconds
  Import took 0.013903 seconds .

========================================================================
Received Import Request.
  Time since last request: 0.000317 seconds.
  path: Assets/VR Beginner/Materials/Skybox.png
  artifactKey: Guid(e5ddee3454002a7428745aa7e954dbd7) Importer(815301076,1909f56bfc062723c751e8b465ee728b)
Start importing Assets/VR Beginner/Materials/Skybox.png using Guid(e5ddee3454002a7428745aa7e954dbd7) Importer(815301076,1909f56bfc062723c751e8b465ee728b)  -> (artifact id: '331ada548ef7183cb2ba4ec85674089c') in 0.026479 seconds
  Import took 0.031670 seconds .

========================================================================
Received Import Request.
  Time since last request: 0.000296 seconds.
  path: Assets/VR Beginner/Materials/TheInstructions.mat
  artifactKey: Guid(99236b17adb169e478e82d0579d18c82) Importer(815301076,1909f56bfc062723c751e8b465ee728b)
Start importing Assets/VR Beginner/Materials/TheInstructions.mat using Guid(99236b17adb169e478e82d0579d18c82) Importer(815301076,1909f56bfc062723c751e8b465ee728b)  -> (artifact id: 'ae31f4a33ede01890f76f6855d3f6e8b') in 0.009707 seconds
  Import took 0.014348 seconds .

========================================================================
Received Import Request.
  Time since last request: 0.000278 seconds.
  path: Assets/VR Beginner/Materials/Glass.mat
  artifactKey: Guid(5aa6af6012af4f64bbbdec0165f4556d) Importer(815301076,1909f56bfc062723c751e8b465ee728b)
Start importing Assets/VR Beginner/Materials/Glass.mat using Guid(5aa6af6012af4f64bbbdec0165f4556d) Importer(815301076,1909f56bfc062723c751e8b465ee728b)  -> (artifact id: '40267a61ccbdd75ce26cdcde396dfccf') in 0.009394 seconds
  Import took 0.014431 seconds .

========================================================================
Received Import Request.
  Time since last request: 0.000383 seconds.
  path: Assets/VR Beginner/Materials/Toaster.mat
  artifactKey: Guid(510316c8e8621fe4fa79bd9019d53965) Importer(815301076,1909f56bfc062723c751e8b465ee728b)
Start importing Assets/VR Beginner/Materials/Toaster.mat using Guid(510316c8e8621fe4fa79bd9019d53965) Importer(815301076,1909f56bfc062723c751e8b465ee728b)  -> (artifact id: '888001af802cc1131126f6087d1ee5b3') in 0.009368 seconds
  Import took 0.014278 seconds .

========================================================================
Received Import Request.
  Time since last request: 0.000263 seconds.
  path: Assets/VR Beginner/Materials/Fan.mat
  artifactKey: Guid(a1f10f1f60a9e394fbba0910331565d2) Importer(815301076,1909f56bfc062723c751e8b465ee728b)
Start importing Assets/VR Beginner/Materials/Fan.mat using Guid(a1f10f1f60a9e394fbba0910331565d2) Importer(815301076,1909f56bfc062723c751e8b465ee728b)  -> (artifact id: 'acadd0d0a6b4ffb51feee2ecc435fc07') in 0.011344 seconds
  Import took 0.017478 seconds .

========================================================================
Received Import Request.
  Time since last request: 0.000282 seconds.
  path: Assets/VR Beginner/Materials/Toothbrush.mat
  artifactKey: Guid(db1b95b46c6700941afa501804c61be1) Importer(815301076,1909f56bfc062723c751e8b465ee728b)
Start importing Assets/VR Beginner/Materials/Toothbrush.mat using Guid(db1b95b46c6700941afa501804c61be1) Importer(815301076,1909f56bfc062723c751e8b465ee728b)  -> (artifact id: '587e2d5d315011b9cfd5d8f94232824b') in 0.010310 seconds
  Import took 0.016429 seconds .

========================================================================
Received Import Request.
  Time since last request: 0.000284 seconds.
  path: Assets/VR Beginner/Materials/SelfIllum.mat
  artifactKey: Guid(5347717e71dbf364ebee0d38ac13eba0) Importer(815301076,1909f56bfc062723c751e8b465ee728b)
Start importing Assets/VR Beginner/Materials/SelfIllum.mat using Guid(5347717e71dbf364ebee0d38ac13eba0) Importer(815301076,1909f56bfc062723c751e8b465ee728b)  -> (artifact id: 'e559430400da7ec62a971b83a681aad9') in 0.008942 seconds
  Import took 0.014266 seconds .

========================================================================
Received Import Request.
  Time since last request: 0.000430 seconds.
  path: Assets/VR Beginner/Materials/Flashlight.mat
  artifactKey: Guid(c32f8203033240a48848c96a1c981e62) Importer(815301076,1909f56bfc062723c751e8b465ee728b)
Start importing Assets/VR Beginner/Materials/Flashlight.mat using Guid(c32f8203033240a48848c96a1c981e62) Importer(815301076,1909f56bfc062723c751e8b465ee728b)  -> (artifact id: 'bc06d0abaaf15665fe376b4a3b89fbdf') in 0.009148 seconds
  Import took 0.013699 seconds .

========================================================================
Received Import Request.
  Time since last request: 0.000229 seconds.
  path: Assets/VR Beginner/Materials/LaserPointer.mat
  artifactKey: Guid(54f71d25e4d75244fb890facd94a7848) Importer(815301076,1909f56bfc062723c751e8b465ee728b)
Start importing Assets/VR Beginner/Materials/LaserPointer.mat using Guid(54f71d25e4d75244fb890facd94a7848) Importer(815301076,1909f56bfc062723c751e8b465ee728b)  -> (artifact id: 'f4f80bb13dd7367355e013d372f577bc') in 0.009241 seconds
  Import took 0.013988 seconds .

========================================================================
Received Import Request.
  Time since last request: 22.834986 seconds.
  path: Assets/VR Beginner/Materials/TorchGlass.mat
  artifactKey: Guid(205fc949dd23f614ab63b958ee89b137) Importer(815301076,1909f56bfc062723c751e8b465ee728b)
Start importing Assets/VR Beginner/Materials/TorchGlass.mat using Guid(205fc949dd23f614ab63b958ee89b137) Importer(815301076,1909f56bfc062723c751e8b465ee728b)  -> (artifact id: '3f760b5b44f309063b491e3599c61225') in 0.009370 seconds
  Import took 0.014112 seconds .

========================================================================
Received Import Request.
  Time since last request: 0.000288 seconds.
  path: Assets/VR Beginner/Materials/UIAlwaysOnTop.mat
  artifactKey: Guid(c46d75374e0db1441a36370d5dffa10b) Importer(815301076,1909f56bfc062723c751e8b465ee728b)
Start importing Assets/VR Beginner/Materials/UIAlwaysOnTop.mat using Guid(c46d75374e0db1441a36370d5dffa10b) Importer(815301076,1909f56bfc062723c751e8b465ee728b)  -> (artifact id: '654c9edb7c69c3eed76809c79db5cf72') in 0.015541 seconds
  Import took 0.019870 seconds .

========================================================================
Received Import Request.
  Time since last request: 104.854950 seconds.
  path: Assets/VR Beginner/VFX/Wand/WandSparkleGreen.vfx
  artifactKey: Guid(462c1e2be952a2a42aee2e829c29802d) Importer(815301076,1909f56bfc062723c751e8b465ee728b)
Start importing Assets/VR Beginner/VFX/Wand/WandSparkleGreen.vfx using Guid(462c1e2be952a2a42aee2e829c29802d) Importer(815301076,1909f56bfc062723c751e8b465ee728b)  -> (artifact id: '7894153a8417d123edddebe0f632c413') in 0.006913 seconds
  Import took 0.012020 seconds .

========================================================================
Received Import Request.
  Time since last request: 0.000229 seconds.
  path: Assets/VR Beginner/Models/BookGreen.fbx
  artifactKey: Guid(8bf410868a62ffd49834417a557e760c) Importer(815301076,1909f56bfc062723c751e8b465ee728b)
Start importing Assets/VR Beginner/Models/BookGreen.fbx using Guid(8bf410868a62ffd49834417a557e760c) Importer(815301076,1909f56bfc062723c751e8b465ee728b)  -> (artifact id: 'd17cab4dfd14fb973a035347e818818a') in 0.016728 seconds
  Import took 0.021648 seconds .

========================================================================
Received Import Request.
  Time since last request: 0.000382 seconds.
  path: Assets/VR Beginner/Prefabs/EscapeRoom/Props/BookGreen.prefab
  artifactKey: Guid(021949f8e99a07a4b9ebb77c3e1a6df3) Importer(815301076,1909f56bfc062723c751e8b465ee728b)
Start importing Assets/VR Beginner/Prefabs/EscapeRoom/Props/BookGreen.prefab using Guid(021949f8e99a07a4b9ebb77c3e1a6df3) Importer(815301076,1909f56bfc062723c751e8b465ee728b)  -> (artifact id: '9991628ea86841d6610d81bb5d09a777') in 0.588895 seconds
  Import took 0.593915 seconds .

========================================================================
Received Import Request.
  Time since last request: 0.000356 seconds.
  path: Assets/VR Beginner/Models/Wristwatch.fbx
  artifactKey: Guid(e1913292ecadc644e93488c1e3d216e3) Importer(815301076,1909f56bfc062723c751e8b465ee728b)
Start importing Assets/VR Beginner/Models/Wristwatch.fbx using Guid(e1913292ecadc644e93488c1e3d216e3) Importer(815301076,1909f56bfc062723c751e8b465ee728b)  -> (artifact id: '1f2ed643b8a0251f5f3b43470ec7e80f') in 0.053177 seconds
  Import took 0.057361 seconds .

========================================================================
Received Import Request.
  Time since last request: 0.000254 seconds.
  path: Assets/VR Beginner/Models/PotionBottle2.FBX
  artifactKey: Guid(6ba54a1627a566744b4e94ee90aa14b4) Importer(815301076,1909f56bfc062723c751e8b465ee728b)
Start importing Assets/VR Beginner/Models/PotionBottle2.FBX using Guid(6ba54a1627a566744b4e94ee90aa14b4) Importer(815301076,1909f56bfc062723c751e8b465ee728b)  -> (artifact id: 'f1cddf545ce7f2837c48e1b96cc26853') in 0.976656 seconds
  Import took 0.981265 seconds .

========================================================================
Received Import Request.
  Time since last request: 0.000309 seconds.
  path: Assets/VR Beginner/VFX/Outline/GlassOutline.mat
  artifactKey: Guid(9891d27cdd3cb4147b014da22707e5b3) Importer(815301076,1909f56bfc062723c751e8b465ee728b)
Start importing Assets/VR Beginner/VFX/Outline/GlassOutline.mat using Guid(9891d27cdd3cb4147b014da22707e5b3) Importer(815301076,1909f56bfc062723c751e8b465ee728b)  -> (artifact id: 'f5159a0b3c6295d6aea3ed73e977a354') in 0.012255 seconds
  Import took 0.016734 seconds .

========================================================================
Received Import Request.
  Time since last request: 0.000293 seconds.
  path: Assets/VR Beginner/Models/PotionBottle1.FBX
  artifactKey: Guid(a795a3a3f0cabd645bcc05e4caa8df92) Importer(815301076,1909f56bfc062723c751e8b465ee728b)
Start importing Assets/VR Beginner/Models/PotionBottle1.FBX using Guid(a795a3a3f0cabd645bcc05e4caa8df92) Importer(815301076,1909f56bfc062723c751e8b465ee728b)  -> (artifact id: '31f4f47c7db761494bcbd7f5494bd829') in 0.056734 seconds
  Import took 0.061568 seconds .

========================================================================
Received Import Request.
  Time since last request: 0.000262 seconds.
  path: Assets/VR Beginner/Animations/CauldronLidAnimation.fbx
  artifactKey: Guid(2ab8f38c93427174ab46ab73754f849e) Importer(815301076,1909f56bfc062723c751e8b465ee728b)
Start importing Assets/VR Beginner/Animations/CauldronLidAnimation.fbx using Guid(2ab8f38c93427174ab46ab73754f849e) Importer(815301076,1909f56bfc062723c751e8b465ee728b)  -> (artifact id: 'ac23367ca72aacf36f21c9a689a32a25') in 0.069059 seconds
  Import took 0.073280 seconds .

========================================================================
Received Import Request.
  Time since last request: 0.000322 seconds.
  path: Assets/VR Beginner/Models/Hourglass.FBX
  artifactKey: Guid(6d653f30066e8f746965a303d0776256) Importer(815301076,1909f56bfc062723c751e8b465ee728b)
Start importing Assets/VR Beginner/Models/Hourglass.FBX using Guid(6d653f30066e8f746965a303d0776256) Importer(815301076,1909f56bfc062723c751e8b465ee728b)  -> (artifact id: '499cdeb48c1aaa9046eb39376fcfd98c') in 0.057957 seconds
  Import took 0.062475 seconds .

========================================================================
Received Import Request.
  Time since last request: 0.000308 seconds.
  path: Assets/VR Beginner/VFX/Hourglass/Hourglass_Sand_Bottom.mat
  artifactKey: Guid(ffaf183d7c75b3648b75059688132b7b) Importer(815301076,1909f56bfc062723c751e8b465ee728b)
Start importing Assets/VR Beginner/VFX/Hourglass/Hourglass_Sand_Bottom.mat using Guid(ffaf183d7c75b3648b75059688132b7b) Importer(815301076,1909f56bfc062723c751e8b465ee728b)  -> (artifact id: '15fc5c7a7834f1d4a0aa3b784fed9720') in 0.011315 seconds
  Import took 0.015674 seconds .

========================================================================
Received Import Request.
  Time since last request: 0.000284 seconds.
  path: Assets/VR Beginner/Models/ExitDoor.fbx
  artifactKey: Guid(9e19df0f58a75e94c94e163777b11ba1) Importer(815301076,1909f56bfc062723c751e8b465ee728b)
Start importing Assets/VR Beginner/Models/ExitDoor.fbx using Guid(9e19df0f58a75e94c94e163777b11ba1) Importer(815301076,1909f56bfc062723c751e8b465ee728b)  -> (artifact id: 'fda4250c2c7043785ac494a077cd5a3e') in 0.028361 seconds
  Import took 0.033421 seconds .

========================================================================
Received Import Request.
  Time since last request: 0.000319 seconds.
  path: Assets/XR/XRGeneralSettings.asset
  artifactKey: Guid(a422e2a2e6c83184e9b23d6413331359) Importer(815301076,1909f56bfc062723c751e8b465ee728b)
Start importing Assets/XR/XRGeneralSettings.asset using Guid(a422e2a2e6c83184e9b23d6413331359) Importer(815301076,1909f56bfc062723c751e8b465ee728b)  -> (artifact id: '12d2059b862e0e5286cd8fe09dc3bf0f') in 0.007988 seconds
  Import took 0.012515 seconds .

========================================================================
Received Import Request.
  Time since last request: 0.000264 seconds.
  path: Assets/VR Beginner/VFX/Teleporter/GlyphPlane.mat
  artifactKey: Guid(66494c612fc2dee4a8e3dd043fb46c0e) Importer(815301076,1909f56bfc062723c751e8b465ee728b)
Start importing Assets/VR Beginner/VFX/Teleporter/GlyphPlane.mat using Guid(66494c612fc2dee4a8e3dd043fb46c0e) Importer(815301076,1909f56bfc062723c751e8b465ee728b)  -> (artifact id: '07697c78b7c8ce79d0f535278974bebc') in 0.302482 seconds
  Import took 0.307482 seconds .

========================================================================
Received Import Request.
  Time since last request: 0.000323 seconds.
  path: Assets/VR Beginner/Textures/Hourglass/HourglassBase.png
  artifactKey: Guid(284f2f7cf35d2bf42b581d37f5a2d9d2) Importer(815301076,1909f56bfc062723c751e8b465ee728b)
Start importing Assets/VR Beginner/Textures/Hourglass/HourglassBase.png using Guid(284f2f7cf35d2bf42b581d37f5a2d9d2) Importer(815301076,1909f56bfc062723c751e8b465ee728b)  -> (artifact id: 'fdbef76c904bbe25787551fd24481a44') in 0.010038 seconds
  Import took 0.014723 seconds .

========================================================================
Received Import Request.
  Time since last request: 0.000245 seconds.
  path: Assets/VR Beginner/Textures/Hourglass/HourglassMetallic.png
  artifactKey: Guid(85c8d553ca33b8849bd50b6c3bd94ec3) Importer(815301076,1909f56bfc062723c751e8b465ee728b)
Start importing Assets/VR Beginner/Textures/Hourglass/HourglassMetallic.png using Guid(85c8d553ca33b8849bd50b6c3bd94ec3) Importer(815301076,1909f56bfc062723c751e8b465ee728b)  -> (artifact id: '60f9856d6ae88f1311da48349d1e0c6e') in 0.008319 seconds
  Import took 0.013040 seconds .

========================================================================
Received Import Request.
  Time since last request: 0.000260 seconds.
  path: Assets/VR Beginner/VFX/Hourglass/Hourglass_Sand_Top.mat
  artifactKey: Guid(0673e7f6e2e44df47967f02d8511ba42) Importer(815301076,1909f56bfc062723c751e8b465ee728b)
Start importing Assets/VR Beginner/VFX/Hourglass/Hourglass_Sand_Top.mat using Guid(0673e7f6e2e44df47967f02d8511ba42) Importer(815301076,1909f56bfc062723c751e8b465ee728b)  -> (artifact id: 'f4b9bfdc2121e372b171f116dd3c65d6') in 0.010246 seconds
  Import took 0.015434 seconds .

========================================================================
Received Import Request.
  Time since last request: 0.000299 seconds.
  path: Assets/VR Beginner/Prefabs/PrototypeScene/Hourglass.prefab
  artifactKey: Guid(eaee21068672cc04b8d79c2fc8506939) Importer(815301076,1909f56bfc062723c751e8b465ee728b)
Start importing Assets/VR Beginner/Prefabs/PrototypeScene/Hourglass.prefab using Guid(eaee21068672cc04b8d79c2fc8506939) Importer(815301076,1909f56bfc062723c751e8b465ee728b)  -> (artifact id: '15dd3c0d9e0340987b0a8fd64e0b6b5a') in 0.016816 seconds
  Import took 0.022638 seconds .

========================================================================
Received Import Request.
  Time since last request: 0.000316 seconds.
  path: Assets/VR Beginner/Textures/BubbleGun/BubleGumMetallic.png
  artifactKey: Guid(081da3efb45b72e4492871f02f0390cb) Importer(815301076,1909f56bfc062723c751e8b465ee728b)
Start importing Assets/VR Beginner/Textures/BubbleGun/BubleGumMetallic.png using Guid(081da3efb45b72e4492871f02f0390cb) Importer(815301076,1909f56bfc062723c751e8b465ee728b)  -> (artifact id: 'a13d82921d898d2c03838c6b4eac51ea') in 0.007244 seconds
  Import took 0.012353 seconds .

========================================================================
Received Import Request.
  Time since last request: 0.000414 seconds.
  path: Assets/VR Beginner/Textures/BubbleGun/BubleGumBase.png
  artifactKey: Guid(3a7d03a7507c79d47b74bbaa78398ef0) Importer(815301076,1909f56bfc062723c751e8b465ee728b)
Start importing Assets/VR Beginner/Textures/BubbleGun/BubleGumBase.png using Guid(3a7d03a7507c79d47b74bbaa78398ef0) Importer(815301076,1909f56bfc062723c751e8b465ee728b)  -> (artifact id: 'ab817a68458360eeab47f01e36fcbde4') in 0.007716 seconds
  Import took 0.012583 seconds .

========================================================================
Received Import Request.
  Time since last request: 0.000221 seconds.
  path: Assets/VR Beginner/Prefabs/PrototypeScene/BubbleGun.prefab
  artifactKey: Guid(eaa84f54f50e8884c80cfa5a47a92c44) Importer(815301076,1909f56bfc062723c751e8b465ee728b)
Start importing Assets/VR Beginner/Prefabs/PrototypeScene/BubbleGun.prefab using Guid(eaa84f54f50e8884c80cfa5a47a92c44) Importer(815301076,1909f56bfc062723c751e8b465ee728b)  -> (artifact id: '937b12fa99b0662fd4910e157d725075') in 0.029133 seconds
  Import took 0.033935 seconds .

========================================================================
Received Import Request.
  Time since last request: 0.000293 seconds.
  path: Assets/VR Beginner/Models/WitchHouse.fbx
  artifactKey: Guid(b46a848a5ea4d0f4d9784aaaff85e23a) Importer(815301076,1909f56bfc062723c751e8b465ee728b)
Start importing Assets/VR Beginner/Models/WitchHouse.fbx using Guid(b46a848a5ea4d0f4d9784aaaff85e23a) Importer(815301076,1909f56bfc062723c751e8b465ee728b)  -> (artifact id: 'f4b09e8ae00f81232ae65a22391536fe') in 0.200925 seconds
  Import took 0.206260 seconds .

========================================================================
Received Import Request.
  Time since last request: 0.000291 seconds.
  path: Assets/VR Beginner/Models/BubbleGun.fbx
  artifactKey: Guid(fd989c9d3f308ff44b5ab51b5df38c21) Importer(815301076,1909f56bfc062723c751e8b465ee728b)
Start importing Assets/VR Beginner/Models/BubbleGun.fbx using Guid(fd989c9d3f308ff44b5ab51b5df38c21) Importer(815301076,1909f56bfc062723c751e8b465ee728b)  -> (artifact id: '9bd45c23567f158947db69b4d81bcb18') in 0.013603 seconds
  Import took 0.018107 seconds .

========================================================================
Received Import Request.
  Time since last request: 0.000412 seconds.
  path: Assets/VR Beginner/VFX/SharedTextures/BubbleGradient.png
  artifactKey: Guid(f495e9c45f654e24883e27f77302be22) Importer(815301076,1909f56bfc062723c751e8b465ee728b)
Start importing Assets/VR Beginner/VFX/SharedTextures/BubbleGradient.png using Guid(f495e9c45f654e24883e27f77302be22) Importer(815301076,1909f56bfc062723c751e8b465ee728b)  -> (artifact id: '03fec96b2920d79e69ad9896214832e8') in 0.013425 seconds
  Import took 0.018641 seconds .

========================================================================
Received Import Request.
  Time since last request: 193.231195 seconds.
  path: Assets/ZealCCDatabase.asset
  artifactKey: Guid(c9079a17de454ce42954550e13d8a185) Importer(815301076,1909f56bfc062723c751e8b465ee728b)
Start importing Assets/ZealCCDatabase.asset using Guid(c9079a17de454ce42954550e13d8a185) Importer(815301076,1909f56bfc062723c751e8b465ee728b)  -> (artifact id: 'fb10e02474bee2a2ee8da506392255f1') in 0.003606 seconds
  Import took 0.008937 seconds .

AssetImportWorkerClient::OnTransportError - code=2 error=End of file
